2025-06-20 13:21:49.2877|INFO|Verrollungsnachweis.Form1|Application started
2025-06-20 13:21:49.8801|INFO|Verrollungsnachweis.ConnectionManager|Kapcsolat sikeresen létrejött az RSTAB alkalmazással.
2025-06-20 13:21:49.9968|INFO|Verrollungsnachweis.ConnectionManager|Kapcsolat sikeresen létrejött az RSTAB alkalmazással.
2025-06-20 13:27:21.2522|INFO|Verrollungsnachweis.Form1|Application started
2025-06-20 13:27:21.5086|INFO|Verrollungsnachweis.ConnectionManager|Kapcsolat sikeresen létrejött az RSTAB alkalmazással.
2025-06-20 13:27:21.6417|INFO|Verrollungsnachweis.ConnectionManager|Kapcsolat sikeresen létrejött az RSTAB alkalmazással.
2025-06-20 13:28:30.9436|INFO|Verrollungsnachweis.Form1|Application started
2025-06-20 13:28:31.1680|INFO|Verrollungsnachweis.ConnectionManager|Kapcsolat sikeresen létrejött az RSTAB alkalmazással.
2025-06-20 13:28:31.2783|INFO|Verrollungsnachweis.ConnectionManager|Kapcsolat sikeresen létrejött az RSTAB alkalmazással.
2025-06-20 13:30:41.0865|INFO|Verrollungsnachweis.Form1|Application started
2025-06-20 13:30:41.3156|INFO|Verrollungsnachweis.ConnectionManager|Kapcsolat sikeresen létrejött az RSTAB alkalmazással.
2025-06-20 13:30:41.4483|INFO|Verrollungsnachweis.ConnectionManager|Kapcsolat sikeresen létrejött az RSTAB alkalmazással.
2025-06-20 13:36:11.4118|INFO|Verrollungsnachweis.Form1|Application started
2025-06-20 13:36:11.6411|INFO|Verrollungsnachweis.ConnectionManager|Kapcsolat sikeresen létrejött az RSTAB alkalmazással.
2025-06-20 13:36:11.7559|INFO|Verrollungsnachweis.ConnectionManager|Kapcsolat sikeresen létrejött az RSTAB alkalmazással.
2025-06-20 14:07:12.8519|INFO|Verrollungsnachweis.Form1|Application started
2025-06-20 14:07:13.1141|INFO|Verrollungsnachweis.ConnectionManager|Kapcsolat sikeresen létrejött az RSTAB alkalmazással.
2025-06-20 14:07:13.2619|INFO|Verrollungsnachweis.ConnectionManager|Kapcsolat sikeresen létrejött az RSTAB alkalmazással.
2025-06-20 14:08:02.1441|INFO|Verrollungsnachweis.Form1|Application started
2025-06-20 14:08:02.3746|INFO|Verrollungsnachweis.ConnectionManager|Kapcsolat sikeresen létrejött az RSTAB alkalmazással.
2025-06-20 14:08:02.5299|INFO|Verrollungsnachweis.ConnectionManager|Kapcsolat sikeresen létrejött az RSTAB alkalmazással.
2025-06-20 14:08:49.4959|INFO|Verrollungsnachweis.Form1|Application started
2025-06-20 14:08:49.7438|INFO|Verrollungsnachweis.ConnectionManager|Kapcsolat sikeresen létrejött az RSTAB alkalmazással.
2025-06-20 14:08:49.8997|INFO|Verrollungsnachweis.ConnectionManager|Kapcsolat sikeresen létrejött az RSTAB alkalmazással.
2025-06-20 14:12:20.2763|INFO|Verrollungsnachweis.Form1|Application started
2025-06-20 14:12:20.5757|INFO|Verrollungsnachweis.ConnectionManager|Kapcsolat sikeresen létrejött az RSTAB alkalmazással.
2025-06-20 14:12:20.6930|INFO|Verrollungsnachweis.ConnectionManager|Kapcsolat sikeresen létrejött az RSTAB alkalmazással.
2025-06-20 14:15:47.1711|INFO|Verrollungsnachweis.Form1|Application started
2025-06-20 14:15:47.4297|INFO|Verrollungsnachweis.ConnectionManager|Kapcsolat sikeresen létrejött az RSTAB alkalmazással.
2025-06-20 14:15:47.5934|INFO|Verrollungsnachweis.ConnectionManager|Kapcsolat sikeresen létrejött az RSTAB alkalmazással.
2025-06-20 14:25:11.3950|INFO|Verrollungsnachweis.Form1|Application started
2025-06-20 14:25:11.6422|INFO|Verrollungsnachweis.ConnectionManager|Kapcsolat sikeresen létrejött az RSTAB alkalmazással.
2025-06-20 14:25:11.7717|INFO|Verrollungsnachweis.ConnectionManager|Kapcsolat sikeresen létrejött az RSTAB alkalmazással.
2025-06-20 14:33:02.4700|INFO|Verrollungsnachweis.Form1|Application started
2025-06-20 14:33:02.6959|INFO|Verrollungsnachweis.ConnectionManager|Kapcsolat sikeresen létrejött az RSTAB alkalmazással.
2025-06-20 14:33:02.8306|INFO|Verrollungsnachweis.ConnectionManager|Kapcsolat sikeresen létrejött az RSTAB alkalmazással.
2025-06-20 14:37:00.9440|INFO|Verrollungsnachweis.Form1|Application started
2025-06-20 14:37:01.2110|INFO|Verrollungsnachweis.ConnectionManager|Kapcsolat sikeresen létrejött az RSTAB alkalmazással.
2025-06-20 14:37:01.3440|INFO|Verrollungsnachweis.ConnectionManager|Kapcsolat sikeresen létrejött az RSTAB alkalmazással.
2025-06-20 14:40:33.6317|INFO|Verrollungsnachweis.Form1|Application started
2025-06-20 14:40:33.7298|INFO|Verrollungsnachweis.ConnectionManager|Kapcsolat sikeresen létrejött az RSTAB alkalmazással.
2025-06-20 14:40:33.7298|INFO|Verrollungsnachweis.ConnectionManager|Kapcsolat sikeresen létrejött az RSTAB alkalmazással.
2025-06-20 14:41:56.7345|INFO|Verrollungsnachweis.Form1|Application started
2025-06-20 14:41:56.9684|INFO|Verrollungsnachweis.ConnectionManager|Kapcsolat sikeresen létrejött az RSTAB alkalmazással.
2025-06-20 14:41:57.1038|INFO|Verrollungsnachweis.ConnectionManager|Kapcsolat sikeresen létrejött az RSTAB alkalmazással.
2025-06-20 14:43:01.5156|INFO|Verrollungsnachweis.Form1|Application started
2025-06-20 14:43:02.0506|INFO|Verrollungsnachweis.ConnectionManager|Kapcsolat sikeresen létrejött az RSTAB alkalmazással.
2025-06-20 14:43:02.2203|INFO|Verrollungsnachweis.ConnectionManager|Kapcsolat sikeresen létrejött az RSTAB alkalmazással.
2025-06-20 15:26:38.2562|INFO|Verrollungsnachweis.Form1|Application started
2025-06-20 15:26:38.7115|INFO|Verrollungsnachweis.ConnectionManager|Kapcsolat sikeresen létrejött az RSTAB alkalmazással.
2025-06-20 15:26:38.8209|INFO|Verrollungsnachweis.ConnectionManager|Kapcsolat sikeresen létrejött az RSTAB alkalmazással.
2025-06-20 15:27:53.0054|INFO|Verrollungsnachweis.Form1|Application started
2025-06-20 15:27:53.2595|INFO|Verrollungsnachweis.ConnectionManager|Kapcsolat sikeresen létrejött az RSTAB alkalmazással.
2025-06-20 15:27:53.4046|INFO|Verrollungsnachweis.ConnectionManager|Kapcsolat sikeresen létrejött az RSTAB alkalmazással.
2025-06-20 15:30:10.7287|INFO|Verrollungsnachweis.Form1|Application started
2025-06-20 15:30:10.9488|INFO|Verrollungsnachweis.ConnectionManager|Kapcsolat sikeresen létrejött az RSTAB alkalmazással.
2025-06-20 15:30:11.0648|INFO|Verrollungsnachweis.ConnectionManager|Kapcsolat sikeresen létrejött az RSTAB alkalmazással.
2025-06-20 15:36:57.6925|INFO|Verrollungsnachweis.Form1|Application started
2025-06-20 15:36:57.9216|INFO|Verrollungsnachweis.ConnectionManager|Kapcsolat sikeresen létrejött az RSTAB alkalmazással.
2025-06-20 15:36:58.0535|INFO|Verrollungsnachweis.ConnectionManager|Kapcsolat sikeresen létrejött az RSTAB alkalmazással.
2025-06-20 15:52:23.5958|INFO|Verrollungsnachweis.Form1|Application started
2025-06-20 15:52:23.9718|INFO|Verrollungsnachweis.ConnectionManager|Kapcsolat sikeresen létrejött az RSTAB alkalmazással.
2025-06-20 15:52:24.1926|INFO|Verrollungsnachweis.ConnectionManager|Kapcsolat sikeresen létrejött az RSTAB alkalmazással.
2025-06-20 15:53:47.4539|INFO|Verrollungsnachweis.Form1|Application started
2025-06-20 15:53:47.6744|INFO|Verrollungsnachweis.ConnectionManager|Kapcsolat sikeresen létrejött az RSTAB alkalmazással.
2025-06-20 15:53:47.7988|INFO|Verrollungsnachweis.ConnectionManager|Kapcsolat sikeresen létrejött az RSTAB alkalmazással.
2025-06-20 16:02:57.4359|INFO|Verrollungsnachweis.Form1|Application started
2025-06-20 16:02:57.6956|INFO|Verrollungsnachweis.ConnectionManager|Kapcsolat sikeresen létrejött az RSTAB alkalmazással.
2025-06-20 16:02:57.8668|INFO|Verrollungsnachweis.ConnectionManager|Kapcsolat sikeresen létrejött az RSTAB alkalmazással.
2025-06-20 16:03:55.1496|INFO|Verrollungsnachweis.Form1|Application started
2025-06-20 16:03:55.3607|INFO|Verrollungsnachweis.ConnectionManager|Kapcsolat sikeresen létrejött az RSTAB alkalmazással.
2025-06-20 16:03:55.4925|INFO|Verrollungsnachweis.ConnectionManager|Kapcsolat sikeresen létrejött az RSTAB alkalmazással.
2025-06-20 16:07:42.2024|INFO|Verrollungsnachweis.Form1|Application started
2025-06-20 16:07:42.4199|INFO|Verrollungsnachweis.ConnectionManager|Kapcsolat sikeresen létrejött az RSTAB alkalmazással.
2025-06-20 16:07:42.5676|INFO|Verrollungsnachweis.ConnectionManager|Kapcsolat sikeresen létrejött az RSTAB alkalmazással.
2025-06-20 16:13:39.1904|INFO|Verrollungsnachweis.Form1|Application started
2025-06-20 16:13:39.4111|INFO|Verrollungsnachweis.ConnectionManager|Kapcsolat sikeresen létrejött az RSTAB alkalmazással.
2025-06-20 16:13:39.5375|INFO|Verrollungsnachweis.ConnectionManager|Kapcsolat sikeresen létrejött az RSTAB alkalmazással.
2025-06-20 16:21:59.4439|INFO|Verrollungsnachweis.Form1|Application started
2025-06-20 16:21:59.6627|INFO|Verrollungsnachweis.ConnectionManager|Kapcsolat sikeresen létrejött az RSTAB alkalmazással.
2025-06-20 16:21:59.8055|INFO|Verrollungsnachweis.ConnectionManager|Kapcsolat sikeresen létrejött az RSTAB alkalmazással.
2025-06-20 21:24:00.7283|INFO|Verrollungsnachweis.Form1|Application started
2025-06-20 21:24:00.9091|INFO|Verrollungsnachweis.ConnectionManager|Kapcsolat sikeresen létrejött az RSTAB alkalmazással.
2025-06-20 21:24:01.0029|INFO|Verrollungsnachweis.ConnectionManager|Kapcsolat sikeresen létrejött az RSTAB alkalmazással.
2025-06-20 21:30:22.1994|INFO|Verrollungsnachweis.Form1|Application started
2025-06-20 21:30:22.3713|INFO|Verrollungsnachweis.ConnectionManager|Kapcsolat sikeresen létrejött az RSTAB alkalmazással.
2025-06-20 21:30:22.4857|INFO|Verrollungsnachweis.ConnectionManager|Kapcsolat sikeresen létrejött az RSTAB alkalmazással.
2025-06-20 21:40:17.0439|INFO|Verrollungsnachweis.Form1|Application started
2025-06-20 21:40:17.1941|INFO|Verrollungsnachweis.ConnectionManager|Kapcsolat sikeresen létrejött az RSTAB alkalmazással.
2025-06-20 21:40:17.2774|INFO|Verrollungsnachweis.ConnectionManager|Kapcsolat sikeresen létrejött az RSTAB alkalmazással.
2025-06-20 21:48:24.7230|INFO|Verrollungsnachweis.Form1|Application started
2025-06-20 21:48:24.8703|INFO|Verrollungsnachweis.ConnectionManager|Kapcsolat sikeresen létrejött az RSTAB alkalmazással.
2025-06-20 21:48:24.9640|INFO|Verrollungsnachweis.ConnectionManager|Kapcsolat sikeresen létrejött az RSTAB alkalmazással.
2025-06-20 21:49:37.3869|INFO|Verrollungsnachweis.Form1|Application started
2025-06-20 21:49:37.5371|INFO|Verrollungsnachweis.ConnectionManager|Kapcsolat sikeresen létrejött az RSTAB alkalmazással.
2025-06-20 21:49:37.6204|INFO|Verrollungsnachweis.ConnectionManager|Kapcsolat sikeresen létrejött az RSTAB alkalmazással.
2025-06-20 21:50:38.9602|INFO|Verrollungsnachweis.Form1|Application started
2025-06-20 21:50:39.0997|INFO|Verrollungsnachweis.ConnectionManager|Kapcsolat sikeresen létrejött az RSTAB alkalmazással.
2025-06-20 21:50:39.1935|INFO|Verrollungsnachweis.ConnectionManager|Kapcsolat sikeresen létrejött az RSTAB alkalmazással.
2025-06-20 21:52:39.0504|INFO|Verrollungsnachweis.Form1|Application started
2025-06-20 21:52:39.1970|INFO|Verrollungsnachweis.ConnectionManager|Kapcsolat sikeresen létrejött az RSTAB alkalmazással.
2025-06-20 21:52:39.2805|INFO|Verrollungsnachweis.ConnectionManager|Kapcsolat sikeresen létrejött az RSTAB alkalmazással.
2025-06-20 21:54:24.3227|INFO|Verrollungsnachweis.Form1|Application started
2025-06-20 21:54:24.4894|INFO|Verrollungsnachweis.ConnectionManager|Kapcsolat sikeresen létrejött az RSTAB alkalmazással.
2025-06-20 21:54:24.5894|INFO|Verrollungsnachweis.ConnectionManager|Kapcsolat sikeresen létrejött az RSTAB alkalmazással.
2025-06-20 22:02:05.2448|INFO|Verrollungsnachweis.Form1|Application started
2025-06-20 22:02:05.4117|INFO|Verrollungsnachweis.ConnectionManager|Kapcsolat sikeresen létrejött az RSTAB alkalmazással.
2025-06-20 22:02:05.4950|INFO|Verrollungsnachweis.ConnectionManager|Kapcsolat sikeresen létrejött az RSTAB alkalmazással.
2025-06-20 22:04:34.0759|INFO|Verrollungsnachweis.Form1|Application started
2025-06-20 22:04:34.2425|INFO|Verrollungsnachweis.ConnectionManager|Kapcsolat sikeresen létrejött az RSTAB alkalmazással.
2025-06-20 22:04:34.3428|INFO|Verrollungsnachweis.ConnectionManager|Kapcsolat sikeresen létrejött az RSTAB alkalmazással.
2025-06-20 22:05:31.1430|INFO|Verrollungsnachweis.Form1|Application started
2025-06-20 22:05:31.2941|INFO|Verrollungsnachweis.ConnectionManager|Kapcsolat sikeresen létrejött az RSTAB alkalmazással.
2025-06-20 22:05:31.3931|INFO|Verrollungsnachweis.ConnectionManager|Kapcsolat sikeresen létrejött az RSTAB alkalmazással.
2025-06-20 22:09:15.1397|INFO|Verrollungsnachweis.Form1|Application started
2025-06-20 22:09:15.2732|INFO|Verrollungsnachweis.ConnectionManager|Kapcsolat sikeresen létrejött az RSTAB alkalmazással.
2025-06-20 22:09:15.3731|INFO|Verrollungsnachweis.ConnectionManager|Kapcsolat sikeresen létrejött az RSTAB alkalmazással.
2025-06-20 22:10:49.0889|INFO|Verrollungsnachweis.Form1|Application started
2025-06-20 22:10:49.2905|INFO|Verrollungsnachweis.ConnectionManager|Kapcsolat sikeresen létrejött az RSTAB alkalmazással.
2025-06-20 22:10:49.3902|INFO|Verrollungsnachweis.ConnectionManager|Kapcsolat sikeresen létrejött az RSTAB alkalmazással.
2025-06-20 22:25:48.1353|INFO|Verrollungsnachweis.Form1|Application started
2025-06-20 22:25:48.2916|INFO|Verrollungsnachweis.ConnectionManager|Kapcsolat sikeresen létrejött az RSTAB alkalmazással.
2025-06-20 22:25:48.4010|INFO|Verrollungsnachweis.ConnectionManager|Kapcsolat sikeresen létrejött az RSTAB alkalmazással.
2025-06-20 22:39:17.4917|INFO|Verrollungsnachweis.Form1|Application started
2025-06-20 22:39:17.6856|INFO|Verrollungsnachweis.ConnectionManager|Kapcsolat sikeresen létrejött az RSTAB alkalmazással.
2025-06-20 22:39:17.7896|INFO|Verrollungsnachweis.ConnectionManager|Kapcsolat sikeresen létrejött az RSTAB alkalmazással.
2025-06-20 23:06:42.1063|INFO|Verrollungsnachweis.Form1|Application started
2025-06-20 23:06:42.2724|INFO|Verrollungsnachweis.ConnectionManager|Kapcsolat sikeresen létrejött az RSTAB alkalmazással.
2025-06-20 23:06:42.4059|INFO|Verrollungsnachweis.ConnectionManager|Kapcsolat sikeresen létrejött az RSTAB alkalmazással.
2025-06-21 19:28:04.3597|INFO|Verrollungsnachweis.Form1|Application started
2025-06-21 19:28:04.5298|INFO|Verrollungsnachweis.ConnectionManager|Kapcsolat sikeresen létrejött az RSTAB alkalmazással.
2025-06-21 19:28:04.6108|INFO|Verrollungsnachweis.ConnectionManager|Kapcsolat sikeresen létrejött az RSTAB alkalmazással.
2025-06-21 20:55:03.1449|INFO|Verrollungsnachweis.Form1|Application started
2025-06-21 20:55:03.3282|INFO|Verrollungsnachweis.ConnectionManager|Kapcsolat sikeresen létrejött az RSTAB alkalmazással.
2025-06-21 20:55:03.4283|INFO|Verrollungsnachweis.ConnectionManager|Kapcsolat sikeresen létrejött az RSTAB alkalmazással.
2025-06-21 20:55:05.5636|INFO|Verrollungsnachweis.Form1|Form Closing
2025-06-21 20:55:27.9672|INFO|Verrollungsnachweis.Form1|Application started
2025-06-21 20:55:28.1169|INFO|Verrollungsnachweis.ConnectionManager|Kapcsolat sikeresen létrejött az RSTAB alkalmazással.
2025-06-21 20:55:28.2167|INFO|Verrollungsnachweis.ConnectionManager|Kapcsolat sikeresen létrejött az RSTAB alkalmazással.
2025-06-21 20:59:03.7400|INFO|Verrollungsnachweis.Form1|Application started
2025-06-21 20:59:03.8899|INFO|Verrollungsnachweis.ConnectionManager|Kapcsolat sikeresen létrejött az RSTAB alkalmazással.
2025-06-21 20:59:03.9736|INFO|Verrollungsnachweis.ConnectionManager|Kapcsolat sikeresen létrejött az RSTAB alkalmazással.
2025-06-21 21:00:57.6395|INFO|Verrollungsnachweis.Form1|Application started
2025-06-21 21:00:57.8094|INFO|Verrollungsnachweis.ConnectionManager|Kapcsolat sikeresen létrejött az RSTAB alkalmazással.
2025-06-21 21:00:57.9031|INFO|Verrollungsnachweis.ConnectionManager|Kapcsolat sikeresen létrejött az RSTAB alkalmazással.
2025-06-21 21:03:03.0402|INFO|Verrollungsnachweis.Form1|Application started
2025-06-21 21:03:03.1779|INFO|Verrollungsnachweis.ConnectionManager|Kapcsolat sikeresen létrejött az RSTAB alkalmazással.
2025-06-21 21:03:03.2560|INFO|Verrollungsnachweis.ConnectionManager|Kapcsolat sikeresen létrejött az RSTAB alkalmazással.
2025-06-21 21:07:52.6054|INFO|Verrollungsnachweis.Form1|Application started
2025-06-21 21:07:52.8125|INFO|Verrollungsnachweis.ConnectionManager|Kapcsolat sikeresen létrejött az RSTAB alkalmazással.
2025-06-21 21:07:52.9055|INFO|Verrollungsnachweis.ConnectionManager|Kapcsolat sikeresen létrejött az RSTAB alkalmazással.
2025-06-21 21:27:25.6209|INFO|Verrollungsnachweis.Form1|Application started
2025-06-21 21:27:25.7615|INFO|Verrollungsnachweis.ConnectionManager|Kapcsolat sikeresen létrejött az RSTAB alkalmazással.
2025-06-21 21:27:25.8553|INFO|Verrollungsnachweis.ConnectionManager|Kapcsolat sikeresen létrejött az RSTAB alkalmazással.
2025-06-21 21:34:52.4644|INFO|Verrollungsnachweis.Form1|Application started
2025-06-21 21:34:52.6311|INFO|Verrollungsnachweis.ConnectionManager|Kapcsolat sikeresen létrejött az RSTAB alkalmazással.
2025-06-21 21:34:52.7813|INFO|Verrollungsnachweis.ConnectionManager|Kapcsolat sikeresen létrejött az RSTAB alkalmazással.
2025-06-22 08:45:25.3732|INFO|Verrollungsnachweis.Form1|Application started
2025-06-22 08:45:25.5763|INFO|Verrollungsnachweis.ConnectionManager|Kapcsolat sikeresen létrejött az RSTAB alkalmazással.
2025-06-22 08:45:25.6388|INFO|Verrollungsnachweis.ConnectionManager|Kapcsolat sikeresen létrejött az RSTAB alkalmazással.
2025-06-22 08:46:45.9180|INFO|Verrollungsnachweis.Form1|Application started
2025-06-22 08:46:46.0430|INFO|Verrollungsnachweis.ConnectionManager|Kapcsolat sikeresen létrejött az RSTAB alkalmazással.
2025-06-22 08:46:46.1211|INFO|Verrollungsnachweis.ConnectionManager|Kapcsolat sikeresen létrejött az RSTAB alkalmazással.
2025-06-22 08:47:48.0099|INFO|Verrollungsnachweis.Form1|Application started
2025-06-22 08:47:48.1267|INFO|Verrollungsnachweis.ConnectionManager|Kapcsolat sikeresen létrejött az RSTAB alkalmazással.
2025-06-22 08:47:48.2102|INFO|Verrollungsnachweis.ConnectionManager|Kapcsolat sikeresen létrejött az RSTAB alkalmazással.
2025-06-22 08:48:59.5929|INFO|Verrollungsnachweis.Form1|Application started
2025-06-22 08:48:59.7178|INFO|Verrollungsnachweis.ConnectionManager|Kapcsolat sikeresen létrejött az RSTAB alkalmazással.
2025-06-22 08:48:59.7960|INFO|Verrollungsnachweis.ConnectionManager|Kapcsolat sikeresen létrejött az RSTAB alkalmazással.
2025-06-22 08:49:59.4656|INFO|Verrollungsnachweis.Form1|Application started
2025-06-22 08:49:59.5863|INFO|Verrollungsnachweis.ConnectionManager|Kapcsolat sikeresen létrejött az RSTAB alkalmazással.
2025-06-22 08:49:59.6595|INFO|Verrollungsnachweis.ConnectionManager|Kapcsolat sikeresen létrejött az RSTAB alkalmazással.
2025-06-22 08:51:42.4633|INFO|Verrollungsnachweis.Form1|Application started
2025-06-22 08:51:42.6039|INFO|Verrollungsnachweis.ConnectionManager|Kapcsolat sikeresen létrejött az RSTAB alkalmazással.
2025-06-22 08:51:42.6821|INFO|Verrollungsnachweis.ConnectionManager|Kapcsolat sikeresen létrejött az RSTAB alkalmazással.
2025-06-22 08:59:19.2354|INFO|Verrollungsnachweis.Form1|Application started
2025-06-22 08:59:19.3677|INFO|Verrollungsnachweis.ConnectionManager|Kapcsolat sikeresen létrejött az RSTAB alkalmazással.
2025-06-22 08:59:19.4189|INFO|Verrollungsnachweis.ConnectionManager|Kapcsolat sikeresen létrejött az RSTAB alkalmazással.
2025-06-22 09:17:58.0207|INFO|Verrollungsnachweis.Form1|Application started
2025-06-22 09:17:58.1542|INFO|Verrollungsnachweis.ConnectionManager|Kapcsolat sikeresen létrejött az RSTAB alkalmazással.
2025-06-22 09:17:58.2225|INFO|Verrollungsnachweis.ConnectionManager|Kapcsolat sikeresen létrejött az RSTAB alkalmazással.
2025-06-22 17:38:53.8719|INFO|Verrollungsnachweis.Form1|Application started
2025-06-22 17:38:54.0958|INFO|Verrollungsnachweis.ConnectionManager|Kapcsolat sikeresen létrejött az RSTAB alkalmazással.
2025-06-22 17:38:54.2098|INFO|Verrollungsnachweis.ConnectionManager|Kapcsolat sikeresen létrejött az RSTAB alkalmazással.
2025-06-22 17:39:41.1522|INFO|Verrollungsnachweis.Form1|Application started
2025-06-22 17:39:41.3004|INFO|Verrollungsnachweis.ConnectionManager|Kapcsolat sikeresen létrejött az RSTAB alkalmazással.
2025-06-22 17:39:41.3824|INFO|Verrollungsnachweis.ConnectionManager|Kapcsolat sikeresen létrejött az RSTAB alkalmazással.
2025-06-22 17:40:34.5070|INFO|Verrollungsnachweis.Form1|Application started
2025-06-22 17:40:34.6340|INFO|Verrollungsnachweis.ConnectionManager|Kapcsolat sikeresen létrejött az RSTAB alkalmazással.
2025-06-22 17:40:34.7100|INFO|Verrollungsnachweis.ConnectionManager|Kapcsolat sikeresen létrejött az RSTAB alkalmazással.
2025-06-22 17:40:37.7532|INFO|Verrollungsnachweis.Form1|Form Closing
2025-06-22 17:40:46.2436|INFO|Verrollungsnachweis.Form1|Application started
2025-06-22 17:40:46.3996|INFO|Verrollungsnachweis.ConnectionManager|Kapcsolat sikeresen létrejött az RSTAB alkalmazással.
2025-06-22 17:40:46.5026|INFO|Verrollungsnachweis.ConnectionManager|Kapcsolat sikeresen létrejött az RSTAB alkalmazással.
2025-06-23 20:31:24.7134|INFO|Verrollungsnachweis.Form1|Application started
2025-06-23 20:31:24.9270|INFO|Verrollungsnachweis.ConnectionManager|Kapcsolat sikeresen létrejött az RSTAB alkalmazással.
2025-06-23 20:31:25.0190|INFO|Verrollungsnachweis.ConnectionManager|Kapcsolat sikeresen létrejött az RSTAB alkalmazással.
2025-06-23 20:31:48.6673|ERROR|Verrollungsnachweis.HelperFunc|Get_ForcesThe model is unstable in node No. 253. Free movement in X -direction.
2025-06-23 20:33:00.3231|INFO|Verrollungsnachweis.Form1|Application started
2025-06-23 20:33:00.5612|INFO|Verrollungsnachweis.ConnectionManager|Kapcsolat sikeresen létrejött az RSTAB alkalmazással.
2025-06-23 20:33:00.6486|INFO|Verrollungsnachweis.ConnectionManager|Kapcsolat sikeresen létrejött az RSTAB alkalmazással.
2025-06-23 20:35:41.7824|INFO|Verrollungsnachweis.Form1|Application started
2025-06-23 20:35:41.9664|INFO|Verrollungsnachweis.ConnectionManager|Kapcsolat sikeresen létrejött az RSTAB alkalmazással.
2025-06-23 20:35:42.0414|INFO|Verrollungsnachweis.ConnectionManager|Kapcsolat sikeresen létrejött az RSTAB alkalmazással.
2025-06-23 20:41:36.6902|INFO|Verrollungsnachweis.Form1|Application started
2025-06-23 20:41:36.9260|INFO|Verrollungsnachweis.ConnectionManager|Kapcsolat sikeresen létrejött az RSTAB alkalmazással.
2025-06-23 20:41:37.0209|INFO|Verrollungsnachweis.ConnectionManager|Kapcsolat sikeresen létrejött az RSTAB alkalmazással.
2025-06-23 21:06:44.4511|INFO|Verrollungsnachweis.Form1|Application started
2025-06-23 21:06:47.1752|ERROR|Verrollungsnachweis.HelperFunc|Keine aktive RSTAB gefunden. Bitte starten Sie die RSTAB und versuchen Sie es erneut.:  NoApplication     bei System.Runtime.InteropServices.Marshal.GetActiveObject(Guid& rclsid, IntPtr reserved, Object& ppunk)
   bei System.Runtime.InteropServices.Marshal.GetActiveObject(String progID)
   bei Verrollungsnachweis.ConnectionManager.GetConnect() in G:\Andere Computer\DD_PC\repos\Verrollungsnachweis_02\ConnectionManager.cs:Zeile 47.
2025-06-23 21:07:02.3766|INFO|Verrollungsnachweis.Form1|Application started
2025-06-23 21:07:04.7846|ERROR|Verrollungsnachweis.HelperFunc|Keine aktive RSTAB gefunden. Bitte starten Sie die RSTAB und versuchen Sie es erneut.:  NoApplication     bei System.Runtime.InteropServices.Marshal.GetActiveObject(Guid& rclsid, IntPtr reserved, Object& ppunk)
   bei System.Runtime.InteropServices.Marshal.GetActiveObject(String progID)
   bei Verrollungsnachweis.ConnectionManager.GetConnect() in G:\Andere Computer\DD_PC\repos\Verrollungsnachweis_02\ConnectionManager.cs:Zeile 47.
2025-06-23 21:07:51.4525|INFO|Verrollungsnachweis.Form1|Application started
2025-06-23 21:07:59.2943|ERROR|Verrollungsnachweis.HelperFunc|Keine aktive RSTAB gefunden. Bitte starten Sie die RSTAB und versuchen Sie es erneut.:  NoApplication     bei System.Runtime.InteropServices.Marshal.GetActiveObject(Guid& rclsid, IntPtr reserved, Object& ppunk)
   bei System.Runtime.InteropServices.Marshal.GetActiveObject(String progID)
   bei Verrollungsnachweis.ConnectionManager.GetConnect() in G:\Andere Computer\DD_PC\repos\Verrollungsnachweis_02\ConnectionManager.cs:Zeile 47.
2025-06-23 21:09:12.5360|INFO|Verrollungsnachweis.Form1|Application started
2025-06-23 21:10:15.8614|INFO|Verrollungsnachweis.Form1|Application started
2025-06-23 21:10:52.4681|ERROR|Verrollungsnachweis.HelperFunc|Keine aktive RSTAB gefunden. Bitte starten Sie die RSTAB und versuchen Sie es erneut.:  NoApplication     bei System.Runtime.InteropServices.Marshal.GetActiveObject(Guid& rclsid, IntPtr reserved, Object& ppunk)
   bei System.Runtime.InteropServices.Marshal.GetActiveObject(String progID)
   bei Verrollungsnachweis.ConnectionManager.GetConnect() in G:\Andere Computer\DD_PC\repos\Verrollungsnachweis_02\ConnectionManager.cs:Zeile 47.
2025-06-23 21:11:25.4801|INFO|Verrollungsnachweis.Form1|Application started
2025-06-23 21:11:38.3974|INFO|Verrollungsnachweis.ConnectionManager|Kapcsolat sikeresen létrejött az RSTAB alkalmazással.
2025-06-23 21:11:42.7856|INFO|Verrollungsnachweis.ConnectionManager|Kapcsolat sikeresen létrejött az RSTAB alkalmazással.
2025-06-23 21:24:16.6656|INFO|Verrollungsnachweis.Form1|Application started
2025-06-23 21:24:17.1999|INFO|Verrollungsnachweis.ConnectionManager|Kapcsolat sikeresen létrejött az RSTAB alkalmazással.
2025-06-23 21:24:17.3923|INFO|Verrollungsnachweis.ConnectionManager|Kapcsolat sikeresen létrejött az RSTAB alkalmazással.
2025-06-23 21:39:15.2662|INFO|Verrollungsnachweis.Form1|Application started
2025-06-23 21:39:15.5405|INFO|Verrollungsnachweis.ConnectionManager|Kapcsolat sikeresen létrejött az RSTAB alkalmazással.
2025-06-23 21:39:15.7344|INFO|Verrollungsnachweis.ConnectionManager|Kapcsolat sikeresen létrejött az RSTAB alkalmazással.
2025-06-23 23:45:24.3532|INFO|Verrollungsnachweis.Form1|Application started
2025-06-23 23:45:24.6112|INFO|Verrollungsnachweis.ConnectionManager|Kapcsolat sikeresen létrejött az RSTAB alkalmazással.
2025-06-23 23:45:24.7982|INFO|Verrollungsnachweis.ConnectionManager|Kapcsolat sikeresen létrejött az RSTAB alkalmazással.
2025-06-24 21:18:49.8030|INFO|Verrollungsnachweis.Form1|Application started
2025-06-24 21:18:50.3368|INFO|Verrollungsnachweis.ConnectionManager|Kapcsolat sikeresen létrejött az RSTAB alkalmazással.
2025-06-24 21:18:50.5650|INFO|Verrollungsnachweis.ConnectionManager|Kapcsolat sikeresen létrejött az RSTAB alkalmazással.
2025-06-24 22:04:45.1638|INFO|Verrollungsnachweis.Form1|Application started
2025-06-24 22:04:45.4501|INFO|Verrollungsnachweis.ConnectionManager|Kapcsolat sikeresen létrejött az RSTAB alkalmazással.
2025-06-24 22:04:45.6290|INFO|Verrollungsnachweis.ConnectionManager|Kapcsolat sikeresen létrejött az RSTAB alkalmazással.
2025-06-24 22:08:36.8016|INFO|Verrollungsnachweis.Form1|Application started
2025-06-24 22:08:37.0633|INFO|Verrollungsnachweis.ConnectionManager|Kapcsolat sikeresen létrejött az RSTAB alkalmazással.
2025-06-24 22:08:37.2367|INFO|Verrollungsnachweis.ConnectionManager|Kapcsolat sikeresen létrejött az RSTAB alkalmazással.
2025-06-24 22:09:55.1738|INFO|Verrollungsnachweis.Form1|Application started
2025-06-24 22:09:55.4357|INFO|Verrollungsnachweis.ConnectionManager|Kapcsolat sikeresen létrejött az RSTAB alkalmazással.
2025-06-24 22:09:55.6347|INFO|Verrollungsnachweis.ConnectionManager|Kapcsolat sikeresen létrejött az RSTAB alkalmazással.
2025-06-24 22:12:43.9284|INFO|Verrollungsnachweis.Form1|Application started
2025-06-24 22:12:44.2047|INFO|Verrollungsnachweis.ConnectionManager|Kapcsolat sikeresen létrejött az RSTAB alkalmazással.
2025-06-24 22:12:44.4134|INFO|Verrollungsnachweis.ConnectionManager|Kapcsolat sikeresen létrejött az RSTAB alkalmazással.
2025-06-24 22:22:50.1022|INFO|Verrollungsnachweis.Form1|Application started
2025-06-24 22:22:50.3758|INFO|Verrollungsnachweis.ConnectionManager|Kapcsolat sikeresen létrejött az RSTAB alkalmazással.
2025-06-24 22:22:50.5594|INFO|Verrollungsnachweis.ConnectionManager|Kapcsolat sikeresen létrejött az RSTAB alkalmazással.
2025-06-24 22:24:04.9859|INFO|Verrollungsnachweis.Form1|Application started
2025-06-24 22:24:05.3063|INFO|Verrollungsnachweis.ConnectionManager|Kapcsolat sikeresen létrejött az RSTAB alkalmazással.
2025-06-24 22:24:05.4865|INFO|Verrollungsnachweis.ConnectionManager|Kapcsolat sikeresen létrejött az RSTAB alkalmazással.
2025-06-24 23:15:41.2393|INFO|Verrollungsnachweis.Form1|Application started
2025-06-24 23:15:47.2163|ERROR|Verrollungsnachweis.HelperFunc|Keine aktive RSTAB gefunden. Bitte starten Sie die RSTAB und versuchen Sie es erneut.:  NoApplication     bei System.Runtime.InteropServices.Marshal.GetActiveObject(Guid& rclsid, IntPtr reserved, Object& ppunk)
   bei System.Runtime.InteropServices.Marshal.GetActiveObject(String progID)
   bei Verrollungsnachweis.ConnectionManager.GetConnect() in G:\Andere Computer\DD_PC\repos\Verrollungsnachweis_02\ConnectionManager.cs:Zeile 47.
2025-06-24 23:16:14.6047|INFO|Verrollungsnachweis.Form1|Application started
2025-06-24 23:16:19.6318|ERROR|Verrollungsnachweis.HelperFunc|Keine aktive RSTAB gefunden. Bitte starten Sie die RSTAB und versuchen Sie es erneut.:  NoApplication     bei System.Runtime.InteropServices.Marshal.GetActiveObject(Guid& rclsid, IntPtr reserved, Object& ppunk)
   bei System.Runtime.InteropServices.Marshal.GetActiveObject(String progID)
   bei Verrollungsnachweis.ConnectionManager.GetConnect() in G:\Andere Computer\DD_PC\repos\Verrollungsnachweis_02\ConnectionManager.cs:Zeile 47.
2025-06-24 23:16:58.3104|INFO|Verrollungsnachweis.Form1|Application started
2025-06-24 23:17:02.3413|ERROR|Verrollungsnachweis.HelperFunc|Keine aktive RSTAB gefunden. Bitte starten Sie die RSTAB und versuchen Sie es erneut.:  NoApplication     bei System.Runtime.InteropServices.Marshal.GetActiveObject(Guid& rclsid, IntPtr reserved, Object& ppunk)
   bei System.Runtime.InteropServices.Marshal.GetActiveObject(String progID)
   bei Verrollungsnachweis.ConnectionManager.GetConnect() in G:\Andere Computer\DD_PC\repos\Verrollungsnachweis_02\ConnectionManager.cs:Zeile 47.
2025-06-24 23:18:12.1485|INFO|Verrollungsnachweis.Form1|Application started
2025-06-24 23:18:22.4888|ERROR|Verrollungsnachweis.HelperFunc|Keine aktive RSTAB gefunden. Bitte starten Sie die RSTAB und versuchen Sie es erneut.:  NoApplication     bei System.Runtime.InteropServices.Marshal.GetActiveObject(Guid& rclsid, IntPtr reserved, Object& ppunk)
   bei System.Runtime.InteropServices.Marshal.GetActiveObject(String progID)
   bei Verrollungsnachweis.ConnectionManager.GetConnect() in G:\Andere Computer\DD_PC\repos\Verrollungsnachweis_02\ConnectionManager.cs:Zeile 47.
2025-06-24 23:18:40.5848|INFO|Verrollungsnachweis.Form1|Application started
2025-06-24 23:18:43.7932|ERROR|Verrollungsnachweis.HelperFunc|Keine aktive RSTAB gefunden. Bitte starten Sie die RSTAB und versuchen Sie es erneut.:  NoApplication     bei System.Runtime.InteropServices.Marshal.GetActiveObject(Guid& rclsid, IntPtr reserved, Object& ppunk)
   bei System.Runtime.InteropServices.Marshal.GetActiveObject(String progID)
   bei Verrollungsnachweis.ConnectionManager.GetConnect() in G:\Andere Computer\DD_PC\repos\Verrollungsnachweis_02\ConnectionManager.cs:Zeile 47.
2025-06-24 23:20:05.9708|INFO|Verrollungsnachweis.Form1|Application started
2025-06-24 23:20:08.5594|ERROR|Verrollungsnachweis.HelperFunc|Keine aktive RSTAB gefunden. Bitte starten Sie die RSTAB und versuchen Sie es erneut.:  NoApplication     bei System.Runtime.InteropServices.Marshal.GetActiveObject(Guid& rclsid, IntPtr reserved, Object& ppunk)
   bei System.Runtime.InteropServices.Marshal.GetActiveObject(String progID)
   bei Verrollungsnachweis.ConnectionManager.GetConnect() in G:\Andere Computer\DD_PC\repos\Verrollungsnachweis_02\ConnectionManager.cs:Zeile 47.
2025-06-24 23:20:26.7993|INFO|Verrollungsnachweis.Form1|Application started
2025-06-24 23:21:35.4755|ERROR|Verrollungsnachweis.HelperFunc|Keine aktive RSTAB gefunden. Bitte starten Sie die RSTAB und versuchen Sie es erneut.:  NoApplication     bei System.Runtime.InteropServices.Marshal.GetActiveObject(Guid& rclsid, IntPtr reserved, Object& ppunk)
   bei System.Runtime.InteropServices.Marshal.GetActiveObject(String progID)
   bei Verrollungsnachweis.ConnectionManager.GetConnect() in G:\Andere Computer\DD_PC\repos\Verrollungsnachweis_02\ConnectionManager.cs:Zeile 47.
2025-06-24 23:21:45.4538|INFO|Verrollungsnachweis.Form1|Application started
2025-06-24 23:23:09.8647|ERROR|Verrollungsnachweis.HelperFunc|Keine aktive RSTAB gefunden. Bitte starten Sie die RSTAB und versuchen Sie es erneut.:  NoApplication     bei System.Runtime.InteropServices.Marshal.GetActiveObject(Guid& rclsid, IntPtr reserved, Object& ppunk)
   bei System.Runtime.InteropServices.Marshal.GetActiveObject(String progID)
   bei Verrollungsnachweis.ConnectionManager.GetConnect() in G:\Andere Computer\DD_PC\repos\Verrollungsnachweis_02\ConnectionManager.cs:Zeile 47.
2025-06-24 23:26:44.1913|INFO|Verrollungsnachweis.Form1|Application started
2025-06-24 23:26:48.5943|INFO|Verrollungsnachweis.ConnectionManager|Kapcsolat sikeresen létrejött az RSTAB alkalmazással.
2025-06-24 23:26:48.6795|INFO|Verrollungsnachweis.ConnectionManager|Kapcsolat sikeresen létrejött az RSTAB alkalmazással.
2025-06-24 23:27:23.1344|INFO|Verrollungsnachweis.Form1|Form Closing
2025-06-24 23:27:46.1462|INFO|Verrollungsnachweis.Form1|Application started
2025-06-24 23:27:46.3704|INFO|Verrollungsnachweis.ConnectionManager|Kapcsolat sikeresen létrejött az RSTAB alkalmazással.
2025-06-24 23:27:46.4879|INFO|Verrollungsnachweis.ConnectionManager|Kapcsolat sikeresen létrejött az RSTAB alkalmazással.
2025-06-24 23:29:20.5585|INFO|Verrollungsnachweis.Form1|Application started
2025-06-24 23:29:20.7801|INFO|Verrollungsnachweis.ConnectionManager|Kapcsolat sikeresen létrejött az RSTAB alkalmazással.
2025-06-24 23:29:20.9007|INFO|Verrollungsnachweis.ConnectionManager|Kapcsolat sikeresen létrejött az RSTAB alkalmazással.
2025-06-24 23:32:48.1072|INFO|Verrollungsnachweis.Form1|Application started
2025-06-24 23:32:48.3244|INFO|Verrollungsnachweis.ConnectionManager|Kapcsolat sikeresen létrejött az RSTAB alkalmazással.
2025-06-24 23:32:48.4251|INFO|Verrollungsnachweis.ConnectionManager|Kapcsolat sikeresen létrejött az RSTAB alkalmazással.
2025-06-24 23:34:18.1421|INFO|Verrollungsnachweis.Form1|Application started
2025-06-24 23:34:18.3510|INFO|Verrollungsnachweis.ConnectionManager|Kapcsolat sikeresen létrejött az RSTAB alkalmazással.
2025-06-24 23:34:18.5207|INFO|Verrollungsnachweis.ConnectionManager|Kapcsolat sikeresen létrejött az RSTAB alkalmazással.
2025-06-24 23:54:10.7823|INFO|Verrollungsnachweis.Form1|Application started
2025-06-24 23:54:11.0030|INFO|Verrollungsnachweis.ConnectionManager|Kapcsolat sikeresen létrejött az RSTAB alkalmazással.
2025-06-24 23:54:11.1043|INFO|Verrollungsnachweis.ConnectionManager|Kapcsolat sikeresen létrejött az RSTAB alkalmazással.
2025-06-24 23:55:07.7002|INFO|Verrollungsnachweis.Form1|Application started
2025-06-24 23:55:07.9343|INFO|Verrollungsnachweis.ConnectionManager|Kapcsolat sikeresen létrejött az RSTAB alkalmazással.
2025-06-24 23:55:08.0453|INFO|Verrollungsnachweis.ConnectionManager|Kapcsolat sikeresen létrejött az RSTAB alkalmazással.
2025-06-24 23:58:35.0381|INFO|Verrollungsnachweis.Form1|Application started
2025-06-24 23:58:35.2546|INFO|Verrollungsnachweis.ConnectionManager|Kapcsolat sikeresen létrejött az RSTAB alkalmazással.
2025-06-24 23:58:35.3508|INFO|Verrollungsnachweis.ConnectionManager|Kapcsolat sikeresen létrejött az RSTAB alkalmazással.
2025-06-25 00:05:34.4892|INFO|Verrollungsnachweis.Form1|Application started
2025-06-25 00:05:34.6995|INFO|Verrollungsnachweis.ConnectionManager|Kapcsolat sikeresen létrejött az RSTAB alkalmazással.
2025-06-25 00:05:34.8147|INFO|Verrollungsnachweis.ConnectionManager|Kapcsolat sikeresen létrejött az RSTAB alkalmazással.
2025-06-25 00:07:03.2993|INFO|Verrollungsnachweis.Form1|Application started
2025-06-25 00:07:03.5187|INFO|Verrollungsnachweis.ConnectionManager|Kapcsolat sikeresen létrejött az RSTAB alkalmazással.
2025-06-25 00:07:03.6199|INFO|Verrollungsnachweis.ConnectionManager|Kapcsolat sikeresen létrejött az RSTAB alkalmazással.
2025-06-25 00:09:01.7226|INFO|Verrollungsnachweis.Form1|Application started
2025-06-25 00:09:01.9376|INFO|Verrollungsnachweis.ConnectionManager|Kapcsolat sikeresen létrejött az RSTAB alkalmazással.
2025-06-25 00:09:02.0217|INFO|Verrollungsnachweis.ConnectionManager|Kapcsolat sikeresen létrejött az RSTAB alkalmazással.
2025-06-25 00:10:01.2029|INFO|Verrollungsnachweis.Form1|Application started
2025-06-25 00:10:01.4271|INFO|Verrollungsnachweis.ConnectionManager|Kapcsolat sikeresen létrejött az RSTAB alkalmazással.
2025-06-25 00:10:01.5373|INFO|Verrollungsnachweis.ConnectionManager|Kapcsolat sikeresen létrejött az RSTAB alkalmazással.
2025-06-25 00:46:11.2829|INFO|Verrollungsnachweis.Form1|Application started
2025-06-25 00:46:11.4977|INFO|Verrollungsnachweis.ConnectionManager|Kapcsolat sikeresen létrejött az RSTAB alkalmazással.
2025-06-25 00:46:11.5645|INFO|Verrollungsnachweis.ConnectionManager|Kapcsolat sikeresen létrejött az RSTAB alkalmazással.
2025-06-25 00:47:28.2961|INFO|Verrollungsnachweis.Form1|Application started
2025-06-25 00:47:28.4801|INFO|Verrollungsnachweis.ConnectionManager|Kapcsolat sikeresen létrejött az RSTAB alkalmazással.
2025-06-25 00:47:28.5899|INFO|Verrollungsnachweis.ConnectionManager|Kapcsolat sikeresen létrejött az RSTAB alkalmazással.
2025-06-25 00:49:11.3410|INFO|Verrollungsnachweis.Form1|Application started
2025-06-25 00:49:11.5725|INFO|Verrollungsnachweis.ConnectionManager|Kapcsolat sikeresen létrejött az RSTAB alkalmazással.
2025-06-25 00:49:11.7995|INFO|Verrollungsnachweis.ConnectionManager|Kapcsolat sikeresen létrejött az RSTAB alkalmazással.
2025-06-25 22:12:40.1983|INFO|Verrollungsnachweis.Form1|Application started
2025-06-25 22:12:40.4151|INFO|Verrollungsnachweis.ConnectionManager|Kapcsolat sikeresen létrejött az RSTAB alkalmazással.
2025-06-25 22:12:40.4974|INFO|Verrollungsnachweis.ConnectionManager|Kapcsolat sikeresen létrejött az RSTAB alkalmazással.
2025-06-25 22:15:49.9059|INFO|Verrollungsnachweis.Form1|Application started
2025-06-25 22:15:56.9446|ERROR|Verrollungsnachweis.HelperFunc|Ein unbekannter Fehler ist aufgetreten:   Model was not found:  UnknownError     bei Dlubal.RSTAB8.IApplication.GetActiveModel()
   bei Verrollungsnachweis.ConnectionManager.<GetConnect>b__3_0() in C:\Users\peren\source\repos\Verrollungsnachweis_02\ConnectionManager.cs:Zeile 51.
   bei Verrollungsnachweis.ConnectionManager.LockAndUnlockLicense(Action action) in C:\Users\peren\source\repos\Verrollungsnachweis_02\ConnectionManager.cs:Zeile 126.
   bei Verrollungsnachweis.ConnectionManager.GetConnect() in C:\Users\peren\source\repos\Verrollungsnachweis_02\ConnectionManager.cs:Zeile 49.
2025-06-25 22:17:13.5988|INFO|Verrollungsnachweis.Form1|Application started
2025-06-25 22:18:36.7644|ERROR|Verrollungsnachweis.HelperFunc|Ein unbekannter Fehler ist aufgetreten:   Model was not found:  UnknownError     bei Dlubal.RSTAB8.IApplication.GetActiveModel()
   bei Verrollungsnachweis.ConnectionManager.<GetConnect>b__3_0() in C:\Users\peren\source\repos\Verrollungsnachweis_02\ConnectionManager.cs:Zeile 51.
   bei Verrollungsnachweis.ConnectionManager.LockAndUnlockLicense(Action action) in C:\Users\peren\source\repos\Verrollungsnachweis_02\ConnectionManager.cs:Zeile 126.
   bei Verrollungsnachweis.ConnectionManager.GetConnect() in C:\Users\peren\source\repos\Verrollungsnachweis_02\ConnectionManager.cs:Zeile 49.
2025-06-25 22:20:31.0002|INFO|Verrollungsnachweis.Form1|Application started
2025-06-25 22:21:25.5768|ERROR|Verrollungsnachweis.HelperFunc|Ein unbekannter Fehler ist aufgetreten:   Model was not found:  UnknownError     bei Dlubal.RSTAB8.IApplication.GetActiveModel()
   bei Verrollungsnachweis.ConnectionManager.<GetConnect>b__3_0() in C:\Users\peren\source\repos\Verrollungsnachweis_02\ConnectionManager.cs:Zeile 51.
   bei Verrollungsnachweis.ConnectionManager.LockAndUnlockLicense(Action action) in C:\Users\peren\source\repos\Verrollungsnachweis_02\ConnectionManager.cs:Zeile 126.
   bei Verrollungsnachweis.ConnectionManager.GetConnect() in C:\Users\peren\source\repos\Verrollungsnachweis_02\ConnectionManager.cs:Zeile 49.
2025-06-25 22:22:30.4142|INFO|Verrollungsnachweis.Form1|Application started
2025-06-25 22:24:31.1350|ERROR|Verrollungsnachweis.HelperFunc|Ein unbekannter Fehler ist aufgetreten:   Model was not found:  UnknownError     bei Dlubal.RSTAB8.IApplication.GetActiveModel()
   bei Verrollungsnachweis.ConnectionManager.<GetConnect>b__3_0() in C:\Users\peren\source\repos\Verrollungsnachweis_02\ConnectionManager.cs:Zeile 51.
   bei Verrollungsnachweis.ConnectionManager.LockAndUnlockLicense(Action action) in C:\Users\peren\source\repos\Verrollungsnachweis_02\ConnectionManager.cs:Zeile 126.
   bei Verrollungsnachweis.ConnectionManager.GetConnect() in C:\Users\peren\source\repos\Verrollungsnachweis_02\ConnectionManager.cs:Zeile 49.
2025-06-25 22:24:33.0738|INFO|Verrollungsnachweis.Form1|Application started
2025-06-25 22:25:22.4930|ERROR|Verrollungsnachweis.HelperFunc|Ein unbekannter Fehler ist aufgetreten:   Model was not found:  UnknownError     bei Dlubal.RSTAB8.IApplication.GetActiveModel()
   bei Verrollungsnachweis.ConnectionManager.<GetConnect>b__3_0() in C:\Users\peren\source\repos\Verrollungsnachweis_02\ConnectionManager.cs:Zeile 51.
   bei Verrollungsnachweis.ConnectionManager.LockAndUnlockLicense(Action action) in C:\Users\peren\source\repos\Verrollungsnachweis_02\ConnectionManager.cs:Zeile 126.
   bei Verrollungsnachweis.ConnectionManager.GetConnect() in C:\Users\peren\source\repos\Verrollungsnachweis_02\ConnectionManager.cs:Zeile 49.
2025-06-25 22:25:29.8237|INFO|Verrollungsnachweis.Form1|Application started
2025-06-25 22:25:59.3840|ERROR|Verrollungsnachweis.HelperFunc|Ein unbekannter Fehler ist aufgetreten:   Model was not found:  UnknownError     bei Dlubal.RSTAB8.IApplication.GetActiveModel()
   bei Verrollungsnachweis.ConnectionManager.<GetConnect>b__3_0() in C:\Users\peren\source\repos\Verrollungsnachweis_02\ConnectionManager.cs:Zeile 51.
   bei Verrollungsnachweis.ConnectionManager.LockAndUnlockLicense(Action action) in C:\Users\peren\source\repos\Verrollungsnachweis_02\ConnectionManager.cs:Zeile 126.
   bei Verrollungsnachweis.ConnectionManager.GetConnect() in C:\Users\peren\source\repos\Verrollungsnachweis_02\ConnectionManager.cs:Zeile 49.
2025-06-25 22:26:55.6158|INFO|Verrollungsnachweis.Form1|Application started
2025-06-25 22:28:28.8358|ERROR|Verrollungsnachweis.HelperFunc|Ein unbekannter Fehler ist aufgetreten:   Model was not found:  UnknownError     bei Dlubal.RSTAB8.IApplication.GetActiveModel()
   bei Verrollungsnachweis.ConnectionManager.<GetConnect>b__3_0() in C:\Users\peren\source\repos\Verrollungsnachweis_02\ConnectionManager.cs:Zeile 51.
   bei Verrollungsnachweis.ConnectionManager.LockAndUnlockLicense(Action action) in C:\Users\peren\source\repos\Verrollungsnachweis_02\ConnectionManager.cs:Zeile 126.
   bei Verrollungsnachweis.ConnectionManager.GetConnect() in C:\Users\peren\source\repos\Verrollungsnachweis_02\ConnectionManager.cs:Zeile 49.
2025-06-25 22:28:54.7870|INFO|Verrollungsnachweis.Form1|Application started
2025-06-25 22:29:25.8670|ERROR|Verrollungsnachweis.HelperFunc|Ein unbekannter Fehler ist aufgetreten:   Model was not found:  UnknownError     bei Dlubal.RSTAB8.IApplication.GetActiveModel()
   bei Verrollungsnachweis.ConnectionManager.<GetConnect>b__3_0() in C:\Users\peren\source\repos\Verrollungsnachweis_02\ConnectionManager.cs:Zeile 51.
   bei Verrollungsnachweis.ConnectionManager.LockAndUnlockLicense(Action action) in C:\Users\peren\source\repos\Verrollungsnachweis_02\ConnectionManager.cs:Zeile 126.
   bei Verrollungsnachweis.ConnectionManager.GetConnect() in C:\Users\peren\source\repos\Verrollungsnachweis_02\ConnectionManager.cs:Zeile 49.
2025-06-25 22:30:17.6601|INFO|Verrollungsnachweis.Form1|Application started
2025-06-25 22:31:26.0025|ERROR|Verrollungsnachweis.HelperFunc|Ein unbekannter Fehler ist aufgetreten:   Model was not found:  UnknownError     bei Dlubal.RSTAB8.IApplication.GetActiveModel()
   bei Verrollungsnachweis.ConnectionManager.<GetConnect>b__3_0()
   bei Verrollungsnachweis.ConnectionManager.LockAndUnlockLicense(Action action)
   bei Verrollungsnachweis.ConnectionManager.GetConnect()
2025-06-25 22:31:28.8060|INFO|Verrollungsnachweis.Form1|Application started
2025-06-25 22:33:47.4362|ERROR|Verrollungsnachweis.HelperFunc|GetEKName() failed
2025-06-25 22:33:50.4056|ERROR|Verrollungsnachweis.Form1|Error during initialization
2025-06-25 22:33:53.3679|INFO|Verrollungsnachweis.Form1|Application started
2025-06-25 22:34:24.4753|ERROR|Verrollungsnachweis.HelperFunc|GetConnect - Ein unbekannter Fehler ist aufgetreten:   Model was not found     bei Dlubal.RSTAB8.IApplication.GetActiveModel()
   bei Verrollungsnachweis.ConnectionManager.<GetConnect>b__3_0() in C:\Users\peren\source\repos\Verrollungsnachweis_02\ConnectionManager.cs:Zeile 51.
   bei Verrollungsnachweis.ConnectionManager.LockAndUnlockLicense(Action action) in C:\Users\peren\source\repos\Verrollungsnachweis_02\ConnectionManager.cs:Zeile 126.
   bei Verrollungsnachweis.ConnectionManager.GetConnect() in C:\Users\peren\source\repos\Verrollungsnachweis_02\ConnectionManager.cs:Zeile 49.
2025-06-25 22:34:26.5162|ERROR|Verrollungsnachweis.HelperFunc|GetConnect - Ein unbekannter Fehler ist aufgetreten:   Model was not found
2025-06-25 22:34:33.3516|INFO|Verrollungsnachweis.Form1|Application started
2025-06-25 22:34:51.3319|ERROR|Verrollungsnachweis.HelperFunc|GetConnect - Keine aktive RSTAB gefunden. Bitte starten Sie die RSTAB und versuchen Sie es erneut.     bei System.Runtime.InteropServices.Marshal.GetActiveObject(Guid& rclsid, IntPtr reserved, Object& ppunk)
   bei System.Runtime.InteropServices.Marshal.GetActiveObject(String progID)
   bei Verrollungsnachweis.ConnectionManager.GetConnect() in C:\Users\peren\source\repos\Verrollungsnachweis_02\ConnectionManager.cs:Zeile 47.
2025-06-25 22:35:09.9218|ERROR|Verrollungsnachweis.HelperFunc|GetConnect - Keine aktive RSTAB gefunden. Bitte starten Sie die RSTAB und versuchen Sie es erneut.
2025-06-25 22:37:04.2121|INFO|Verrollungsnachweis.Form1|Application started
2025-06-25 22:37:04.4464|INFO|Verrollungsnachweis.ConnectionManager|Kapcsolat sikeresen létrejött az RSTAB alkalmazással.
2025-06-26 21:40:15.9156|INFO|Verrollungsnachweis.Form1|Application started
2025-06-26 21:40:37.4498|ERROR|Verrollungsnachweis.HelperFunc|GetConnect - Keine aktive RSTAB gefunden. Bitte starten Sie die RSTAB und versuchen Sie es erneut.     bei System.Runtime.InteropServices.Marshal.GetActiveObject(Guid& rclsid, IntPtr reserved, Object& ppunk)
   bei System.Runtime.InteropServices.Marshal.GetActiveObject(String progID)
   bei Verrollungsnachweis.ConnectionManager.GetConnect() in C:\Users\peren\source\repos\Verrollungsnachweis_02\ConnectionManager.cs:Zeile 47.
2025-06-26 21:41:02.4769|INFO|Verrollungsnachweis.Form1|Application started
2025-06-26 21:41:02.7113|INFO|Verrollungsnachweis.ConnectionManager|Kapcsolat sikeresen létrejött az RSTAB alkalmazással.
2025-06-26 21:42:29.5651|INFO|Verrollungsnachweis.Form1|Application started
2025-06-26 21:42:29.6151|INFO|Verrollungsnachweis.ConnectionManager|Kapcsolat sikeresen létrejött az RSTAB alkalmazással.
2025-06-26 21:43:00.4923|ERROR|Verrollungsnachweis.HelperFunc|G_Q_Lasten - nur 1,0-fach Lastfalkombination ist akzeptable
2025-06-26 21:43:40.7916|INFO|Verrollungsnachweis.Form1|Form Closing
2025-06-26 22:04:24.3553|INFO|Verrollungsnachweis.Form1|Application started
2025-06-26 22:04:24.4887|INFO|Verrollungsnachweis.ConnectionManager|Kapcsolat sikeresen létrejött az RSTAB alkalmazással.
2025-06-26 22:04:35.5116|ERROR|Verrollungsnachweis.HelperFunc|G_Q_Lasten - nur 1,0-fach Lastfalkombination ist akzeptable
2025-06-26 22:04:49.5216|ERROR|Verrollungsnachweis.HelperFunc|G_Q_Lasten - nur 1,0-fach Lastfalkombination ist akzeptable
2025-06-26 22:05:46.2178|INFO|Verrollungsnachweis.Form1|Form Closing
2025-06-26 22:14:44.5011|INFO|Verrollungsnachweis.Form1|Application started
2025-06-26 22:14:44.6345|INFO|Verrollungsnachweis.ConnectionManager|Kapcsolat sikeresen létrejött az RSTAB alkalmazással.
2025-06-26 22:14:56.5123|ERROR|Verrollungsnachweis.HelperFunc|G_Q_Lasten - nur 1,0-fach Lastfalkombination ist akzeptable
2025-06-26 22:15:05.1274|ERROR|Verrollungsnachweis.HelperFunc|G_Q_Lasten - nur 1,0-fach Lastfalkombination ist akzeptable
2025-06-26 22:15:36.8312|INFO|Verrollungsnachweis.Form1|Form Closing
2025-06-26 22:20:23.2993|INFO|Verrollungsnachweis.Form1|Application started
2025-06-26 22:20:23.4328|INFO|Verrollungsnachweis.ConnectionManager|Kapcsolat sikeresen létrejött az RSTAB alkalmazással.
2025-06-26 22:20:28.5790|INFO|Verrollungsnachweis.Form1|Form Closing
2025-06-26 22:20:38.4440|INFO|Verrollungsnachweis.Form1|Application started
2025-06-26 22:20:38.5690|INFO|Verrollungsnachweis.ConnectionManager|Kapcsolat sikeresen létrejött az RSTAB alkalmazással.
2025-06-26 22:22:42.8783|ERROR|Verrollungsnachweis.HelperFunc|G_Q_Lasten - nur 1,0-fach Lastfalkombination ist akzeptable
2025-06-26 22:22:53.3826|INFO|Verrollungsnachweis.Form1|Form Closing
2025-06-26 22:23:14.6000|INFO|Verrollungsnachweis.Form1|Application started
2025-06-26 22:23:14.7501|INFO|Verrollungsnachweis.ConnectionManager|Kapcsolat sikeresen létrejött az RSTAB alkalmazással.
2025-06-26 22:23:23.3740|ERROR|Verrollungsnachweis.HelperFunc|G_Q_Lasten - nur 1,0-fach Lastfalkombination ist akzeptable
2025-06-26 22:23:34.0906|ERROR|Verrollungsnachweis.HelperFunc|G_Q_Lasten - nur 1,0-fach Lastfalkombination ist akzeptable
2025-06-27 07:17:27.6632|INFO|Verrollungsnachweis.Form1|Application started
2025-06-27 07:17:27.7902|INFO|Verrollungsnachweis.ConnectionManager|Kapcsolat sikeresen létrejött az RSTAB alkalmazással.
2025-06-27 07:19:14.1258|INFO|Verrollungsnachweis.Form1|Application started
2025-06-27 07:19:14.2486|INFO|Verrollungsnachweis.ConnectionManager|Kapcsolat sikeresen létrejött az RSTAB alkalmazással.
2025-06-29 23:48:19.9919|INFO|Verrollungsnachweis.Form1|Application started
2025-06-29 23:48:20.2575|INFO|Verrollungsnachweis.ConnectionManager|Kapcsolat sikeresen létrejött az RSTAB alkalmazással.
2025-06-29 23:56:29.3531|INFO|Verrollungsnachweis.Form1|Application started
2025-06-29 23:56:29.5172|INFO|Verrollungsnachweis.ConnectionManager|Kapcsolat sikeresen létrejött az RSTAB alkalmazással.
