2025-05-11 21:20:13.8305|INFO|Verrollungsnachweis.Form1|Application started
2025-05-11 21:20:13.9815|INFO|Verrollungsnachweis.HelperFunc|Kapcsolat sikeresen létrejött az RSTAB alkalmazással.
2025-05-11 21:22:10.4176|INFO|Verrollungsnachweis.Form1|Application started
2025-05-11 21:22:10.5427|INFO|Verrollungsnachweis.HelperFunc|Kapcsolat sikeresen létrejött az RSTAB alkalmazással.
2025-05-11 22:11:09.0521|INFO|Verrollungsnachweis.Form1|Application started
2025-05-11 22:11:09.1831|INFO|Verrollungsnachweis.HelperFunc|Kapcsolat sikeresen létrejött az RSTAB alkalmazással.
2025-05-11 22:16:50.9992|INFO|Verrollungsnachweis.Form1|Application started
2025-05-11 22:16:51.1247|INFO|Verrollungsnachweis.HelperFunc|Kapcsolat sikeresen létrejött az RSTAB alkalmazással.
2025-05-11 22:17:18.5310|INFO|Verrollungsnachweis.Form1|Application started
2025-05-11 22:17:18.6640|INFO|Verrollungsnachweis.HelperFunc|Kapcsolat sikeresen létrejött az RSTAB alkalmazással.
2025-05-11 22:28:21.3418|INFO|Verrollungsnachweis.Form1|Application started
2025-05-11 22:28:21.4798|INFO|Verrollungsnachweis.HelperFunc|Kapcsolat sikeresen létrejött az RSTAB alkalmazással.
2025-05-11 22:35:50.9730|INFO|Verrollungsnachweis.Form1|Application started
2025-05-11 22:35:51.1350|INFO|Verrollungsnachweis.HelperFunc|Kapcsolat sikeresen létrejött az RSTAB alkalmazással.
2025-05-11 22:39:13.9095|INFO|Verrollungsnachweis.Form1|Application started
2025-05-11 22:39:14.0497|INFO|Verrollungsnachweis.HelperFunc|Kapcsolat sikeresen létrejött az RSTAB alkalmazással.
2025-05-11 22:45:03.1244|INFO|Verrollungsnachweis.Form1|Application started
2025-05-11 22:45:03.2524|INFO|Verrollungsnachweis.HelperFunc|Kapcsolat sikeresen létrejött az RSTAB alkalmazással.
2025-05-11 22:46:31.5017|INFO|Verrollungsnachweis.Form1|Application started
2025-05-11 22:46:31.6358|INFO|Verrollungsnachweis.HelperFunc|Kapcsolat sikeresen létrejött az RSTAB alkalmazással.
2025-05-11 23:17:18.5146|INFO|Verrollungsnachweis.Form1|Application started
2025-05-11 23:17:18.6705|INFO|Verrollungsnachweis.HelperFunc|Kapcsolat sikeresen létrejött az RSTAB alkalmazással.
2025-05-11 23:32:19.8560|INFO|Verrollungsnachweis.Form1|Application started
2025-05-11 23:32:19.9844|INFO|Verrollungsnachweis.HelperFunc|Kapcsolat sikeresen létrejött az RSTAB alkalmazással.
2025-05-11 23:40:09.2332|INFO|Verrollungsnachweis.Form1|Application started
2025-05-11 23:40:09.3742|INFO|Verrollungsnachweis.HelperFunc|Kapcsolat sikeresen létrejött az RSTAB alkalmazással.
2025-05-11 23:53:53.5282|INFO|Verrollungsnachweis.Form1|Application started
2025-05-11 23:53:53.6572|INFO|Verrollungsnachweis.HelperFunc|Kapcsolat sikeresen létrejött az RSTAB alkalmazással.
2025-05-11 23:55:07.2304|INFO|Verrollungsnachweis.Form1|Application started
2025-05-11 23:55:07.3838|INFO|Verrollungsnachweis.HelperFunc|Kapcsolat sikeresen létrejött az RSTAB alkalmazással.
2025-05-11 23:55:41.1390|INFO|Verrollungsnachweis.Form1|Application started
2025-05-11 23:55:41.3540|INFO|Verrollungsnachweis.HelperFunc|Kapcsolat sikeresen létrejött az RSTAB alkalmazással.
2025-05-12 00:01:17.6536|INFO|Verrollungsnachweis.Form1|Application started
2025-05-12 00:01:17.8446|INFO|Verrollungsnachweis.HelperFunc|Kapcsolat sikeresen létrejött az RSTAB alkalmazással.
2025-05-12 00:16:28.6570|INFO|Verrollungsnachweis.Form1|Application started
2025-05-12 00:16:28.7942|INFO|Verrollungsnachweis.HelperFunc|Kapcsolat sikeresen létrejött az RSTAB alkalmazással.
2025-05-12 00:21:56.4112|INFO|Verrollungsnachweis.Form1|Application started
2025-05-12 00:21:56.5882|INFO|Verrollungsnachweis.HelperFunc|Kapcsolat sikeresen létrejött az RSTAB alkalmazással.
2025-05-12 00:24:00.6807|INFO|Verrollungsnachweis.Form1|Application started
2025-05-12 00:24:00.8157|INFO|Verrollungsnachweis.HelperFunc|Kapcsolat sikeresen létrejött az RSTAB alkalmazással.
2025-05-12 00:25:25.0981|INFO|Verrollungsnachweis.Form1|Application started
2025-05-12 00:25:25.2423|INFO|Verrollungsnachweis.HelperFunc|Kapcsolat sikeresen létrejött az RSTAB alkalmazással.
2025-05-12 00:26:08.9891|INFO|Verrollungsnachweis.Form1|Application started
2025-05-12 00:26:09.1226|INFO|Verrollungsnachweis.HelperFunc|Kapcsolat sikeresen létrejött az RSTAB alkalmazással.
2025-05-12 00:27:32.4142|INFO|Verrollungsnachweis.Form1|Application started
2025-05-12 00:27:32.5791|INFO|Verrollungsnachweis.HelperFunc|Kapcsolat sikeresen létrejött az RSTAB alkalmazással.
2025-05-12 00:31:15.0789|INFO|Verrollungsnachweis.Form1|Application started
2025-05-12 00:31:15.2061|INFO|Verrollungsnachweis.HelperFunc|Kapcsolat sikeresen létrejött az RSTAB alkalmazással.
2025-05-12 00:31:19.6459|INFO|Verrollungsnachweis.Form1|Process completed successfully
2025-05-18 17:32:43.9422|INFO|Verrollungsnachweis.Form1|Application started
2025-05-18 17:32:44.6649|INFO|Verrollungsnachweis.HelperFunc|Kapcsolat sikeresen létrejött az RSTAB alkalmazással.
2025-05-18 17:34:01.7501|INFO|Verrollungsnachweis.Form1|Application started
2025-05-18 17:34:02.0674|INFO|Verrollungsnachweis.HelperFunc|Kapcsolat sikeresen létrejött az RSTAB alkalmazással.
2025-05-18 17:34:09.6983|INFO|Verrollungsnachweis.Form1|Process completed successfully
2025-05-18 17:35:00.2963|INFO|Verrollungsnachweis.Form1|Application started
2025-05-18 17:35:00.6330|INFO|Verrollungsnachweis.HelperFunc|Kapcsolat sikeresen létrejött az RSTAB alkalmazással.
2025-05-18 17:35:14.5471|ERROR|Verrollungsnachweis.HelperFunc|G_Q_Lasten() 
2025-05-18 17:35:17.1996|INFO|Verrollungsnachweis.Form1|Application started
2025-05-18 17:35:17.5559|INFO|Verrollungsnachweis.HelperFunc|Kapcsolat sikeresen létrejött az RSTAB alkalmazással.
2025-05-18 22:07:11.8740|INFO|Verrollungsnachweis.Form1|Application started
2025-05-18 22:07:12.2674|INFO|Verrollungsnachweis.HelperFunc|Kapcsolat sikeresen létrejött az RSTAB alkalmazással.
2025-05-18 22:14:18.5687|INFO|Verrollungsnachweis.Form1|Application started
2025-05-18 22:14:18.9961|INFO|Verrollungsnachweis.HelperFunc|Kapcsolat sikeresen létrejött az RSTAB alkalmazással.
2025-05-18 22:22:42.2448|INFO|Verrollungsnachweis.Form1|Application started
2025-05-18 22:22:42.6962|INFO|Verrollungsnachweis.HelperFunc|Kapcsolat sikeresen létrejött az RSTAB alkalmazással.
2025-05-18 22:42:10.6184|INFO|Verrollungsnachweis.Form1|Application started
2025-05-18 22:42:11.0107|INFO|Verrollungsnachweis.HelperFunc|Kapcsolat sikeresen létrejött az RSTAB alkalmazással.
2025-05-20 18:38:13.5385|INFO|Verrollungsnachweis.Form1|Application started
2025-05-20 18:38:13.7737|INFO|Verrollungsnachweis.HelperFunc|Kapcsolat sikeresen létrejött az RSTAB alkalmazással.
2025-05-20 18:54:49.6546|INFO|Verrollungsnachweis.Form1|Application started
2025-05-20 18:54:49.9205|INFO|Verrollungsnachweis.HelperFunc|Kapcsolat sikeresen létrejött az RSTAB alkalmazással.
2025-05-20 19:06:48.4025|INFO|Verrollungsnachweis.Form1|Application started
2025-05-20 19:06:48.6908|INFO|Verrollungsnachweis.HelperFunc|Kapcsolat sikeresen létrejött az RSTAB alkalmazással.
2025-05-20 19:35:33.5938|INFO|Verrollungsnachweis.Form1|Application started
2025-05-20 19:35:33.8721|INFO|Verrollungsnachweis.HelperFunc|Kapcsolat sikeresen létrejött az RSTAB alkalmazással.
2025-05-20 21:45:02.6260|INFO|Verrollungsnachweis.Form1|Application started
2025-05-20 21:45:02.9045|INFO|Verrollungsnachweis.HelperFunc|Kapcsolat sikeresen létrejött az RSTAB alkalmazással.
2025-05-20 21:48:04.6118|INFO|Verrollungsnachweis.Form1|Application started
2025-05-20 21:48:04.8770|INFO|Verrollungsnachweis.HelperFunc|Kapcsolat sikeresen létrejött az RSTAB alkalmazással.
2025-05-20 21:51:27.9968|INFO|Verrollungsnachweis.Form1|Application started
2025-05-20 21:51:28.2680|INFO|Verrollungsnachweis.HelperFunc|Kapcsolat sikeresen létrejött az RSTAB alkalmazással.
2025-05-20 21:55:25.0547|INFO|Verrollungsnachweis.Form1|Application started
2025-05-20 21:55:25.3319|INFO|Verrollungsnachweis.HelperFunc|Kapcsolat sikeresen létrejött az RSTAB alkalmazással.
2025-05-21 13:01:22.4789|INFO|Verrollungsnachweis.Form1|Application started
2025-05-21 13:01:23.1652|INFO|Verrollungsnachweis.HelperFunc|Kapcsolat sikeresen létrejött az RSTAB alkalmazással.
2025-05-21 13:01:41.8999|INFO|Verrollungsnachweis.Form1|Process completed successfully
2025-05-21 13:04:00.0931|INFO|Verrollungsnachweis.Form1|Application started
2025-05-21 13:04:00.2972|INFO|Verrollungsnachweis.HelperFunc|Kapcsolat sikeresen létrejött az RSTAB alkalmazással.
2025-05-21 19:46:51.6098|INFO|Verrollungsnachweis.Form1|Application started
2025-05-21 19:46:51.9278|INFO|Verrollungsnachweis.HelperFunc|Kapcsolat sikeresen létrejött az RSTAB alkalmazással.
2025-05-21 19:58:42.0892|INFO|Verrollungsnachweis.Form1|Application started
2025-05-21 19:58:42.2522|INFO|Verrollungsnachweis.HelperFunc|Kapcsolat sikeresen létrejött az RSTAB alkalmazással.
2025-05-21 20:00:20.1724|INFO|Verrollungsnachweis.Form1|Application started
2025-05-21 20:00:20.3750|INFO|Verrollungsnachweis.HelperFunc|Kapcsolat sikeresen létrejött az RSTAB alkalmazással.
2025-05-21 20:11:09.7364|INFO|Verrollungsnachweis.Form1|Application started
2025-05-21 20:11:09.9415|INFO|Verrollungsnachweis.HelperFunc|Kapcsolat sikeresen létrejött az RSTAB alkalmazással.
2025-05-21 20:15:25.5147|INFO|Verrollungsnachweis.Form1|Application started
2025-05-21 20:15:25.6888|INFO|Verrollungsnachweis.HelperFunc|Kapcsolat sikeresen létrejött az RSTAB alkalmazással.
2025-05-21 20:20:36.0172|INFO|Verrollungsnachweis.Form1|Application started
2025-05-21 20:20:36.1012|INFO|Verrollungsnachweis.HelperFunc|Kapcsolat sikeresen létrejött az RSTAB alkalmazással.
2025-05-21 20:29:26.6245|INFO|Verrollungsnachweis.Form1|Application started
2025-05-21 20:29:26.7289|INFO|Verrollungsnachweis.HelperFunc|Kapcsolat sikeresen létrejött az RSTAB alkalmazással.
2025-05-21 21:18:08.0037|INFO|Verrollungsnachweis.Form1|Application started
2025-05-21 21:18:08.0812|INFO|Verrollungsnachweis.HelperFunc|Kapcsolat sikeresen létrejött az RSTAB alkalmazással.
2025-05-21 21:19:49.2340|INFO|Verrollungsnachweis.Form1|Application started
2025-05-21 21:19:49.3431|INFO|Verrollungsnachweis.HelperFunc|Kapcsolat sikeresen létrejött az RSTAB alkalmazással.
2025-05-21 21:30:39.5089|INFO|Verrollungsnachweis.Form1|Application started
2025-05-21 21:30:39.6376|INFO|Verrollungsnachweis.HelperFunc|Kapcsolat sikeresen létrejött az RSTAB alkalmazással.
2025-05-21 21:33:04.3162|INFO|Verrollungsnachweis.Form1|Application started
2025-05-21 21:33:04.4699|INFO|Verrollungsnachweis.HelperFunc|Kapcsolat sikeresen létrejött az RSTAB alkalmazással.
2025-05-21 21:39:27.2281|INFO|Verrollungsnachweis.Form1|Application started
2025-05-21 21:39:27.4160|INFO|Verrollungsnachweis.HelperFunc|Kapcsolat sikeresen létrejött az RSTAB alkalmazással.
2025-05-21 21:48:14.1734|INFO|Verrollungsnachweis.Form1|Application started
2025-05-21 21:48:14.3671|INFO|Verrollungsnachweis.HelperFunc|Kapcsolat sikeresen létrejött az RSTAB alkalmazással.
2025-05-21 21:54:03.1918|INFO|Verrollungsnachweis.Form1|Application started
2025-05-21 21:54:03.3696|INFO|Verrollungsnachweis.HelperFunc|Kapcsolat sikeresen létrejött az RSTAB alkalmazással.
2025-05-21 21:55:36.8502|INFO|Verrollungsnachweis.Form1|Application started
2025-05-21 21:55:37.0556|INFO|Verrollungsnachweis.HelperFunc|Kapcsolat sikeresen létrejött az RSTAB alkalmazással.
2025-05-23 22:23:38.7641|INFO|Verrollungsnachweis.Form1|Application started
2025-05-23 22:23:39.0422|INFO|Verrollungsnachweis.HelperFunc|Kapcsolat sikeresen létrejött az RSTAB alkalmazással.
2025-05-23 22:27:43.9227|INFO|Verrollungsnachweis.Form1|Application started
2025-05-23 22:27:44.1173|INFO|Verrollungsnachweis.HelperFunc|Kapcsolat sikeresen létrejött az RSTAB alkalmazással.
2025-05-23 22:53:57.0413|INFO|Verrollungsnachweis.Form1|Application started
2025-05-23 22:53:57.2756|INFO|Verrollungsnachweis.HelperFunc|Kapcsolat sikeresen létrejött az RSTAB alkalmazással.
2025-05-23 22:59:30.1983|INFO|Verrollungsnachweis.Form1|Application started
2025-05-23 22:59:30.4360|INFO|Verrollungsnachweis.HelperFunc|Kapcsolat sikeresen létrejött az RSTAB alkalmazással.
2025-05-23 23:01:55.0119|INFO|Verrollungsnachweis.Form1|Application started
2025-05-23 23:01:55.0834|INFO|Verrollungsnachweis.HelperFunc|Kapcsolat sikeresen létrejött az RSTAB alkalmazással.
2025-05-23 23:17:41.3836|INFO|Verrollungsnachweis.Form1|Application started
2025-05-23 23:17:41.5973|INFO|Verrollungsnachweis.HelperFunc|Kapcsolat sikeresen létrejött az RSTAB alkalmazással.
2025-05-23 23:34:45.5393|INFO|Verrollungsnachweis.Form1|Application started
2025-05-23 23:34:45.7372|INFO|Verrollungsnachweis.HelperFunc|Kapcsolat sikeresen létrejött az RSTAB alkalmazással.
2025-05-23 23:45:45.9103|INFO|Verrollungsnachweis.Form1|Application started
2025-05-23 23:45:46.1063|INFO|Verrollungsnachweis.HelperFunc|Kapcsolat sikeresen létrejött az RSTAB alkalmazással.
2025-05-24 00:00:41.5194|INFO|Verrollungsnachweis.Form1|Application started
2025-05-24 00:00:41.7018|INFO|Verrollungsnachweis.HelperFunc|Kapcsolat sikeresen létrejött az RSTAB alkalmazással.
2025-05-24 00:01:01.4432|INFO|Verrollungsnachweis.Form1|Application started
2025-05-24 00:01:01.6302|INFO|Verrollungsnachweis.HelperFunc|Kapcsolat sikeresen létrejött az RSTAB alkalmazással.
2025-05-24 00:13:41.5135|INFO|Verrollungsnachweis.Form1|Application started
2025-05-24 00:13:41.7113|INFO|Verrollungsnachweis.HelperFunc|Kapcsolat sikeresen létrejött az RSTAB alkalmazással.
2025-05-24 00:23:37.0605|INFO|Verrollungsnachweis.Form1|Application started
2025-05-24 00:23:37.2625|INFO|Verrollungsnachweis.HelperFunc|Kapcsolat sikeresen létrejött az RSTAB alkalmazással.
2025-05-24 00:27:27.6331|INFO|Verrollungsnachweis.Form1|Application started
2025-05-24 00:27:27.8418|INFO|Verrollungsnachweis.HelperFunc|Kapcsolat sikeresen létrejött az RSTAB alkalmazással.
2025-05-24 00:47:14.8919|INFO|Verrollungsnachweis.Form1|Application started
2025-05-24 00:47:15.1233|INFO|Verrollungsnachweis.HelperFunc|Kapcsolat sikeresen létrejött az RSTAB alkalmazással.
2025-05-24 07:28:16.4598|INFO|Verrollungsnachweis.Form1|Application started
2025-05-24 07:28:16.6599|INFO|Verrollungsnachweis.HelperFunc|Kapcsolat sikeresen létrejött az RSTAB alkalmazással.
2025-05-24 08:07:20.8145|INFO|Verrollungsnachweis.Form1|Application started
2025-05-24 08:07:20.9981|INFO|Verrollungsnachweis.HelperFunc|Kapcsolat sikeresen létrejött az RSTAB alkalmazással.
2025-05-24 08:15:35.2429|INFO|Verrollungsnachweis.Form1|Application started
2025-05-24 08:15:35.4386|INFO|Verrollungsnachweis.HelperFunc|Kapcsolat sikeresen létrejött az RSTAB alkalmazással.
2025-05-24 09:57:13.4709|INFO|Verrollungsnachweis.Form1|Application started
2025-05-24 09:57:13.6519|INFO|Verrollungsnachweis.HelperFunc|Kapcsolat sikeresen létrejött az RSTAB alkalmazással.
2025-05-24 09:58:18.4565|INFO|Verrollungsnachweis.Form1|Application started
2025-05-24 09:58:18.6405|INFO|Verrollungsnachweis.HelperFunc|Kapcsolat sikeresen létrejött az RSTAB alkalmazással.
2025-05-24 10:01:00.2291|INFO|Verrollungsnachweis.Form1|Application started
2025-05-24 10:01:00.4201|INFO|Verrollungsnachweis.HelperFunc|Kapcsolat sikeresen létrejött az RSTAB alkalmazással.
2025-05-24 14:46:33.0398|INFO|Verrollungsnachweis.Form1|Application started
2025-05-24 14:46:33.3721|INFO|Verrollungsnachweis.HelperFunc|Kapcsolat sikeresen létrejött az RSTAB alkalmazással.
2025-05-24 14:47:40.4712|INFO|Verrollungsnachweis.Form1|Application started
2025-05-24 14:47:40.6726|INFO|Verrollungsnachweis.HelperFunc|Kapcsolat sikeresen létrejött az RSTAB alkalmazással.
2025-05-24 14:51:45.0006|INFO|Verrollungsnachweis.Form1|Application started
2025-05-24 14:51:45.1935|INFO|Verrollungsnachweis.HelperFunc|Kapcsolat sikeresen létrejött az RSTAB alkalmazással.
2025-05-24 15:51:27.5625|INFO|Verrollungsnachweis.Form1|Application started
2025-05-24 15:51:27.7568|INFO|Verrollungsnachweis.HelperFunc|Kapcsolat sikeresen létrejött az RSTAB alkalmazással.
2025-05-24 15:51:55.3739|INFO|Verrollungsnachweis.Form1|Application started
2025-05-24 15:51:55.5541|INFO|Verrollungsnachweis.HelperFunc|Kapcsolat sikeresen létrejött az RSTAB alkalmazással.
2025-05-24 17:20:05.7585|INFO|Verrollungsnachweis.Form1|Application started
2025-05-24 17:20:06.0278|INFO|Verrollungsnachweis.HelperFunc|Kapcsolat sikeresen létrejött az RSTAB alkalmazással.
2025-05-24 17:28:26.1589|INFO|Verrollungsnachweis.Form1|Application started
2025-05-24 17:28:26.3571|INFO|Verrollungsnachweis.HelperFunc|Kapcsolat sikeresen létrejött az RSTAB alkalmazással.
2025-05-24 17:31:25.4744|INFO|Verrollungsnachweis.Form1|Application started
2025-05-24 17:31:25.7014|INFO|Verrollungsnachweis.HelperFunc|Kapcsolat sikeresen létrejött az RSTAB alkalmazással.
2025-05-24 17:32:22.0253|INFO|Verrollungsnachweis.Form1|Application started
2025-05-24 17:32:22.2290|INFO|Verrollungsnachweis.HelperFunc|Kapcsolat sikeresen létrejött az RSTAB alkalmazással.
2025-05-24 17:41:01.7125|INFO|Verrollungsnachweis.Form1|Application started
2025-05-24 17:41:01.9217|INFO|Verrollungsnachweis.HelperFunc|Kapcsolat sikeresen létrejött az RSTAB alkalmazással.
2025-05-24 17:47:11.7469|INFO|Verrollungsnachweis.Form1|Application started
2025-05-24 17:47:11.9426|INFO|Verrollungsnachweis.HelperFunc|Kapcsolat sikeresen létrejött az RSTAB alkalmazással.
2025-05-24 18:34:33.6628|INFO|Verrollungsnachweis.Form1|Application started
2025-05-24 18:34:33.8917|INFO|Verrollungsnachweis.HelperFunc|Kapcsolat sikeresen létrejött az RSTAB alkalmazással.
2025-05-24 18:54:16.4551|INFO|Verrollungsnachweis.Form1|Application started
2025-05-24 18:54:16.6619|INFO|Verrollungsnachweis.HelperFunc|Kapcsolat sikeresen létrejött az RSTAB alkalmazással.
2025-05-24 18:59:29.6135|INFO|Verrollungsnachweis.Form1|Application started
2025-05-24 18:59:29.8035|INFO|Verrollungsnachweis.HelperFunc|Kapcsolat sikeresen létrejött az RSTAB alkalmazással.
2025-05-24 19:00:34.8269|INFO|Verrollungsnachweis.Form1|Application started
2025-05-24 19:00:35.0499|INFO|Verrollungsnachweis.HelperFunc|Kapcsolat sikeresen létrejött az RSTAB alkalmazással.
2025-05-24 19:03:52.1483|INFO|Verrollungsnachweis.Form1|Application started
2025-05-24 19:03:52.3621|INFO|Verrollungsnachweis.HelperFunc|Kapcsolat sikeresen létrejött az RSTAB alkalmazással.
2025-05-24 19:12:43.6947|INFO|Verrollungsnachweis.Form1|Application started
2025-05-24 19:12:43.9527|INFO|Verrollungsnachweis.HelperFunc|Kapcsolat sikeresen létrejött az RSTAB alkalmazással.
2025-05-24 19:14:07.1379|INFO|Verrollungsnachweis.Form1|Application started
2025-05-24 19:14:07.3619|INFO|Verrollungsnachweis.HelperFunc|Kapcsolat sikeresen létrejött az RSTAB alkalmazással.
2025-05-24 19:15:14.0354|INFO|Verrollungsnachweis.Form1|Application started
2025-05-24 19:15:14.2584|INFO|Verrollungsnachweis.HelperFunc|Kapcsolat sikeresen létrejött az RSTAB alkalmazással.
2025-05-24 19:27:33.3748|INFO|Verrollungsnachweis.Form1|Application started
2025-05-24 19:27:33.5892|INFO|Verrollungsnachweis.HelperFunc|Kapcsolat sikeresen létrejött az RSTAB alkalmazással.
2025-05-24 19:32:54.6511|INFO|Verrollungsnachweis.Form1|Application started
2025-05-24 19:32:54.8687|INFO|Verrollungsnachweis.HelperFunc|Kapcsolat sikeresen létrejött az RSTAB alkalmazással.
2025-05-24 19:51:59.6942|INFO|Verrollungsnachweis.Form1|Application started
2025-05-24 19:51:59.9216|INFO|Verrollungsnachweis.HelperFunc|Kapcsolat sikeresen létrejött az RSTAB alkalmazással.
2025-05-24 19:53:07.8600|INFO|Verrollungsnachweis.Form1|Application started
2025-05-24 19:53:08.0740|INFO|Verrollungsnachweis.HelperFunc|Kapcsolat sikeresen létrejött az RSTAB alkalmazással.
2025-05-24 20:07:57.2670|INFO|Verrollungsnachweis.Form1|Application started
2025-05-24 20:07:57.4774|INFO|Verrollungsnachweis.HelperFunc|Kapcsolat sikeresen létrejött az RSTAB alkalmazással.
2025-05-24 20:21:42.7247|INFO|Verrollungsnachweis.Form1|Application started
2025-05-24 20:21:42.9535|INFO|Verrollungsnachweis.HelperFunc|Kapcsolat sikeresen létrejött az RSTAB alkalmazással.
2025-05-24 20:37:32.4117|INFO|Verrollungsnachweis.Form1|Application started
2025-05-24 20:37:32.6174|INFO|Verrollungsnachweis.HelperFunc|Kapcsolat sikeresen létrejött az RSTAB alkalmazással.
2025-05-24 20:44:50.5389|INFO|Verrollungsnachweis.Form1|Application started
2025-05-24 20:44:50.7355|INFO|Verrollungsnachweis.HelperFunc|Kapcsolat sikeresen létrejött az RSTAB alkalmazással.
2025-05-24 20:57:13.9805|INFO|Verrollungsnachweis.Form1|Application started
2025-05-24 20:57:14.1825|INFO|Verrollungsnachweis.HelperFunc|Kapcsolat sikeresen létrejött az RSTAB alkalmazással.
2025-05-24 21:12:11.2344|INFO|Verrollungsnachweis.Form1|Application started
2025-05-24 21:12:11.4334|INFO|Verrollungsnachweis.HelperFunc|Kapcsolat sikeresen létrejött az RSTAB alkalmazással.
2025-05-24 23:01:54.5688|INFO|Verrollungsnachweis.Form1|Application started
2025-05-24 23:01:54.7922|INFO|Verrollungsnachweis.HelperFunc|Kapcsolat sikeresen létrejött az RSTAB alkalmazással.
2025-05-24 23:05:51.4257|INFO|Verrollungsnachweis.Form1|Application started
2025-05-24 23:05:51.6684|INFO|Verrollungsnachweis.HelperFunc|Kapcsolat sikeresen létrejött az RSTAB alkalmazással.
2025-05-24 23:13:11.0690|INFO|Verrollungsnachweis.Form1|Application started
2025-05-24 23:13:11.2701|INFO|Verrollungsnachweis.HelperFunc|Kapcsolat sikeresen létrejött az RSTAB alkalmazással.
2025-05-24 23:14:14.7288|INFO|Verrollungsnachweis.Form1|Application started
2025-05-24 23:14:14.9282|INFO|Verrollungsnachweis.HelperFunc|Kapcsolat sikeresen létrejött az RSTAB alkalmazással.
2025-05-24 23:20:02.4541|INFO|Verrollungsnachweis.Form1|Application started
2025-05-24 23:20:02.6739|INFO|Verrollungsnachweis.HelperFunc|Kapcsolat sikeresen létrejött az RSTAB alkalmazással.
2025-05-24 23:21:42.5369|INFO|Verrollungsnachweis.Form1|Application started
2025-05-24 23:21:42.7696|INFO|Verrollungsnachweis.HelperFunc|Kapcsolat sikeresen létrejött az RSTAB alkalmazással.
2025-05-24 23:24:05.6477|INFO|Verrollungsnachweis.Form1|Application started
2025-05-24 23:24:05.8594|INFO|Verrollungsnachweis.HelperFunc|Kapcsolat sikeresen létrejött az RSTAB alkalmazással.
2025-05-24 23:24:50.6300|INFO|Verrollungsnachweis.Form1|Application started
2025-05-24 23:24:50.8670|INFO|Verrollungsnachweis.HelperFunc|Kapcsolat sikeresen létrejött az RSTAB alkalmazással.
2025-05-24 23:26:23.1811|INFO|Verrollungsnachweis.Form1|Application started
2025-05-24 23:26:23.3955|INFO|Verrollungsnachweis.HelperFunc|Kapcsolat sikeresen létrejött az RSTAB alkalmazással.
2025-05-24 23:35:46.7930|INFO|Verrollungsnachweis.Form1|Application started
2025-05-24 23:35:46.9793|INFO|Verrollungsnachweis.HelperFunc|Kapcsolat sikeresen létrejött az RSTAB alkalmazással.
2025-05-25 07:23:38.1117|INFO|Verrollungsnachweis.Form1|Application started
2025-05-25 07:23:38.3297|INFO|Verrollungsnachweis.HelperFunc|Kapcsolat sikeresen létrejött az RSTAB alkalmazással.
2025-05-25 07:44:14.9786|INFO|Verrollungsnachweis.Form1|Application started
2025-05-25 07:44:15.1494|INFO|Verrollungsnachweis.HelperFunc|Kapcsolat sikeresen létrejött az RSTAB alkalmazással.
2025-05-25 07:52:58.1848|INFO|Verrollungsnachweis.Form1|Application started
2025-05-25 07:52:58.3695|INFO|Verrollungsnachweis.HelperFunc|Kapcsolat sikeresen létrejött az RSTAB alkalmazással.
2025-05-25 07:59:36.0038|INFO|Verrollungsnachweis.Form1|Application started
2025-05-25 07:59:36.2044|INFO|Verrollungsnachweis.HelperFunc|Kapcsolat sikeresen létrejött az RSTAB alkalmazással.
2025-05-25 08:01:44.6330|INFO|Verrollungsnachweis.Form1|Application started
2025-05-25 08:01:44.8226|INFO|Verrollungsnachweis.HelperFunc|Kapcsolat sikeresen létrejött az RSTAB alkalmazással.
2025-05-25 08:05:23.4055|INFO|Verrollungsnachweis.Form1|Application started
2025-05-25 08:05:23.5678|INFO|Verrollungsnachweis.HelperFunc|Kapcsolat sikeresen létrejött az RSTAB alkalmazással.
2025-05-25 08:44:10.8258|INFO|Verrollungsnachweis.Form1|Application started
2025-05-25 08:44:11.0072|INFO|Verrollungsnachweis.HelperFunc|Kapcsolat sikeresen létrejött az RSTAB alkalmazással.
2025-05-25 08:49:20.7039|INFO|Verrollungsnachweis.Form1|Application started
2025-05-25 08:49:20.9110|INFO|Verrollungsnachweis.HelperFunc|Kapcsolat sikeresen létrejött az RSTAB alkalmazással.
2025-05-25 08:52:01.8397|INFO|Verrollungsnachweis.Form1|Application started
2025-05-25 08:52:02.0399|INFO|Verrollungsnachweis.HelperFunc|Kapcsolat sikeresen létrejött az RSTAB alkalmazással.
2025-05-25 08:52:22.6213|INFO|Verrollungsnachweis.Form1|Application started
2025-05-25 08:52:22.8043|INFO|Verrollungsnachweis.HelperFunc|Kapcsolat sikeresen létrejött az RSTAB alkalmazással.
2025-05-25 08:54:27.0804|INFO|Verrollungsnachweis.Form1|Application started
2025-05-25 08:54:27.1624|INFO|Verrollungsnachweis.HelperFunc|Kapcsolat sikeresen létrejött az RSTAB alkalmazással.
2025-05-25 08:56:00.2532|INFO|Verrollungsnachweis.Form1|Application started
2025-05-25 08:56:00.4205|INFO|Verrollungsnachweis.HelperFunc|Kapcsolat sikeresen létrejött az RSTAB alkalmazással.
2025-05-25 08:56:36.7329|INFO|Verrollungsnachweis.Form1|Application started
2025-05-25 08:56:36.9332|INFO|Verrollungsnachweis.HelperFunc|Kapcsolat sikeresen létrejött az RSTAB alkalmazással.
2025-05-25 08:57:02.7042|INFO|Verrollungsnachweis.Form1|Application started
2025-05-25 08:57:02.9327|INFO|Verrollungsnachweis.HelperFunc|Kapcsolat sikeresen létrejött az RSTAB alkalmazással.
2025-05-25 10:13:35.0872|INFO|Verrollungsnachweis.Form1|Application started
2025-05-25 10:13:35.2728|INFO|Verrollungsnachweis.HelperFunc|Kapcsolat sikeresen létrejött az RSTAB alkalmazással.
2025-05-25 10:20:41.1993|INFO|Verrollungsnachweis.Form1|Application started
2025-05-25 10:20:41.4022|INFO|Verrollungsnachweis.HelperFunc|Kapcsolat sikeresen létrejött az RSTAB alkalmazással.
2025-05-25 10:22:30.8051|INFO|Verrollungsnachweis.Form1|Application started
2025-05-25 10:22:30.9901|INFO|Verrollungsnachweis.HelperFunc|Kapcsolat sikeresen létrejött az RSTAB alkalmazással.
2025-05-25 10:28:06.3626|INFO|Verrollungsnachweis.Form1|Application started
2025-05-25 10:28:06.5311|INFO|Verrollungsnachweis.HelperFunc|Kapcsolat sikeresen létrejött az RSTAB alkalmazással.
2025-05-25 10:28:55.8627|INFO|Verrollungsnachweis.Form1|Application started
2025-05-25 10:28:55.9252|INFO|Verrollungsnachweis.HelperFunc|Kapcsolat sikeresen létrejött az RSTAB alkalmazással.
2025-05-25 10:30:02.9464|INFO|Verrollungsnachweis.Form1|Application started
2025-05-25 10:30:03.2713|INFO|Verrollungsnachweis.HelperFunc|Kapcsolat sikeresen létrejött az RSTAB alkalmazással.
2025-05-25 10:32:19.9515|INFO|Verrollungsnachweis.Form1|Application started
2025-05-25 10:32:20.0301|INFO|Verrollungsnachweis.HelperFunc|Kapcsolat sikeresen létrejött az RSTAB alkalmazással.
2025-05-25 10:33:28.4062|INFO|Verrollungsnachweis.Form1|Application started
2025-05-25 10:33:28.5691|INFO|Verrollungsnachweis.HelperFunc|Kapcsolat sikeresen létrejött az RSTAB alkalmazással.
2025-05-25 10:35:03.0745|INFO|Verrollungsnachweis.Form1|Application started
2025-05-25 10:35:03.2773|INFO|Verrollungsnachweis.HelperFunc|Kapcsolat sikeresen létrejött az RSTAB alkalmazással.
2025-05-25 10:35:21.6826|INFO|Verrollungsnachweis.Form1|Application started
2025-05-25 10:35:21.8828|INFO|Verrollungsnachweis.HelperFunc|Kapcsolat sikeresen létrejött az RSTAB alkalmazással.
2025-05-25 10:36:25.8605|INFO|Verrollungsnachweis.Form1|Application started
2025-05-25 10:36:26.0454|INFO|Verrollungsnachweis.HelperFunc|Kapcsolat sikeresen létrejött az RSTAB alkalmazással.
2025-05-25 10:36:27.9504|INFO|Verrollungsnachweis.Form1|Process completed successfully
2025-05-25 10:36:51.2002|INFO|Verrollungsnachweis.Form1|Application started
2025-05-25 10:36:51.4005|INFO|Verrollungsnachweis.HelperFunc|Kapcsolat sikeresen létrejött az RSTAB alkalmazással.
2025-05-25 10:39:27.0132|INFO|Verrollungsnachweis.Form1|Application started
2025-05-25 10:39:27.1982|INFO|Verrollungsnachweis.HelperFunc|Kapcsolat sikeresen létrejött az RSTAB alkalmazással.
2025-05-25 10:40:33.3240|INFO|Verrollungsnachweis.Form1|Application started
2025-05-25 10:40:33.5062|INFO|Verrollungsnachweis.HelperFunc|Kapcsolat sikeresen létrejött az RSTAB alkalmazással.
2025-05-25 10:41:21.8693|INFO|Verrollungsnachweis.Form1|Application started
2025-05-25 10:41:22.0387|INFO|Verrollungsnachweis.HelperFunc|Kapcsolat sikeresen létrejött az RSTAB alkalmazással.
2025-05-25 10:45:13.1747|INFO|Verrollungsnachweis.Form1|Application started
2025-05-25 10:45:13.4178|INFO|Verrollungsnachweis.HelperFunc|Kapcsolat sikeresen létrejött az RSTAB alkalmazással.
2025-05-25 11:51:15.8721|INFO|Verrollungsnachweis.Form1|Application started
2025-05-25 11:51:16.0453|INFO|Verrollungsnachweis.HelperFunc|Kapcsolat sikeresen létrejött az RSTAB alkalmazással.
2025-05-25 11:53:26.7096|INFO|Verrollungsnachweis.Form1|Application started
2025-05-25 11:53:26.8929|INFO|Verrollungsnachweis.HelperFunc|Kapcsolat sikeresen létrejött az RSTAB alkalmazással.
2025-05-25 11:58:28.2538|INFO|Verrollungsnachweis.Form1|Application started
2025-05-25 11:58:28.4348|INFO|Verrollungsnachweis.HelperFunc|Kapcsolat sikeresen létrejött az RSTAB alkalmazással.
2025-05-25 12:07:13.9782|INFO|Verrollungsnachweis.Form1|Application started
2025-05-25 12:07:14.1629|INFO|Verrollungsnachweis.HelperFunc|Kapcsolat sikeresen létrejött az RSTAB alkalmazással.
2025-05-25 12:14:19.3458|INFO|Verrollungsnachweis.Form1|Application started
2025-05-25 12:14:19.5136|INFO|Verrollungsnachweis.HelperFunc|Kapcsolat sikeresen létrejött az RSTAB alkalmazással.
2025-05-25 13:23:36.5037|INFO|Verrollungsnachweis.Form1|Application started
2025-05-25 13:23:36.7001|INFO|Verrollungsnachweis.HelperFunc|Kapcsolat sikeresen létrejött az RSTAB alkalmazással.
2025-05-25 13:38:09.5599|INFO|Verrollungsnachweis.Form1|Application started
2025-05-25 13:38:09.7432|INFO|Verrollungsnachweis.HelperFunc|Kapcsolat sikeresen létrejött az RSTAB alkalmazással.
2025-05-25 14:00:54.7054|INFO|Verrollungsnachweis.Form1|Application started
2025-05-25 14:00:54.9199|INFO|Verrollungsnachweis.HelperFunc|Kapcsolat sikeresen létrejött az RSTAB alkalmazással.
2025-05-25 14:02:51.3641|INFO|Verrollungsnachweis.Form1|Application started
2025-05-25 14:02:51.5640|INFO|Verrollungsnachweis.HelperFunc|Kapcsolat sikeresen létrejött az RSTAB alkalmazással.
2025-05-25 14:09:03.0119|INFO|Verrollungsnachweis.Form1|Application started
2025-05-25 14:09:03.2121|INFO|Verrollungsnachweis.HelperFunc|Kapcsolat sikeresen létrejött az RSTAB alkalmazással.
2025-05-25 14:10:40.7413|ERROR|Verrollungsnachweis.HelperFunc|G_Q_Lasten() 
2025-05-25 14:13:47.7698|INFO|Verrollungsnachweis.Form1|Application started
2025-05-25 14:13:47.9447|INFO|Verrollungsnachweis.HelperFunc|Kapcsolat sikeresen létrejött az RSTAB alkalmazással.
2025-05-25 17:17:49.1900|INFO|Verrollungsnachweis.Form1|Application started
2025-05-25 17:17:49.2733|INFO|Verrollungsnachweis.HelperFunc|Kapcsolat sikeresen létrejött az RSTAB alkalmazással.
2025-05-25 19:59:27.6055|INFO|Verrollungsnachweis.Form1|Application started
2025-05-25 19:59:27.7989|INFO|Verrollungsnachweis.HelperFunc|Kapcsolat sikeresen létrejött az RSTAB alkalmazással.
2025-05-25 20:06:07.8239|INFO|Verrollungsnachweis.Form1|Application started
2025-05-25 20:06:08.0240|INFO|Verrollungsnachweis.HelperFunc|Kapcsolat sikeresen létrejött az RSTAB alkalmazással.
2025-05-25 20:08:12.4379|INFO|Verrollungsnachweis.Form1|Application started
2025-05-25 20:08:12.6544|INFO|Verrollungsnachweis.HelperFunc|Kapcsolat sikeresen létrejött az RSTAB alkalmazással.
2025-05-25 20:10:59.7851|INFO|Verrollungsnachweis.Form1|Application started
2025-05-25 20:10:59.9855|INFO|Verrollungsnachweis.HelperFunc|Kapcsolat sikeresen létrejött az RSTAB alkalmazással.
2025-05-25 20:26:53.5680|INFO|Verrollungsnachweis.Form1|Application started
2025-05-25 20:26:53.7862|INFO|Verrollungsnachweis.HelperFunc|Kapcsolat sikeresen létrejött az RSTAB alkalmazással.
2025-05-25 20:31:29.2174|INFO|Verrollungsnachweis.Form1|Application started
2025-05-25 20:31:29.4409|INFO|Verrollungsnachweis.HelperFunc|Kapcsolat sikeresen létrejött az RSTAB alkalmazással.
2025-05-25 20:37:13.3036|INFO|Verrollungsnachweis.Form1|Application started
2025-05-25 20:37:13.5045|INFO|Verrollungsnachweis.HelperFunc|Kapcsolat sikeresen létrejött az RSTAB alkalmazással.
2025-05-25 20:46:44.8195|INFO|Verrollungsnachweis.Form1|Application started
2025-05-25 20:46:45.0767|INFO|Verrollungsnachweis.HelperFunc|Kapcsolat sikeresen létrejött az RSTAB alkalmazással.
2025-05-25 21:03:02.2037|INFO|Verrollungsnachweis.Form1|Application started
2025-05-25 21:03:02.4283|INFO|Verrollungsnachweis.HelperFunc|Kapcsolat sikeresen létrejött az RSTAB alkalmazással.
2025-05-25 22:20:31.9516|INFO|Verrollungsnachweis.Form1|Application started
2025-05-25 22:20:32.1662|INFO|Verrollungsnachweis.HelperFunc|Kapcsolat sikeresen létrejött az RSTAB alkalmazással.
2025-05-25 22:22:28.2187|INFO|Verrollungsnachweis.Form1|Application started
2025-05-25 22:22:28.4189|INFO|Verrollungsnachweis.HelperFunc|Kapcsolat sikeresen létrejött az RSTAB alkalmazással.
2025-05-25 22:37:38.0687|INFO|Verrollungsnachweis.Form1|Application started
2025-05-25 22:37:38.2878|INFO|Verrollungsnachweis.HelperFunc|Kapcsolat sikeresen létrejött az RSTAB alkalmazással.
2025-05-25 22:39:20.8964|INFO|Verrollungsnachweis.Form1|Application started
2025-05-25 22:39:21.1875|INFO|Verrollungsnachweis.HelperFunc|Kapcsolat sikeresen létrejött az RSTAB alkalmazással.
2025-05-25 22:42:47.1685|INFO|Verrollungsnachweis.Form1|Application started
2025-05-25 22:42:47.3686|INFO|Verrollungsnachweis.HelperFunc|Kapcsolat sikeresen létrejött az RSTAB alkalmazással.
2025-05-25 22:54:26.0966|INFO|Verrollungsnachweis.Form1|Application started
2025-05-25 22:54:26.3160|INFO|Verrollungsnachweis.HelperFunc|Kapcsolat sikeresen létrejött az RSTAB alkalmazással.
2025-05-25 23:02:09.6352|INFO|Verrollungsnachweis.Form1|Application started
2025-05-25 23:02:09.8377|INFO|Verrollungsnachweis.HelperFunc|Kapcsolat sikeresen létrejött az RSTAB alkalmazással.
2025-05-25 23:09:40.6078|INFO|Verrollungsnachweis.Form1|Application started
2025-05-25 23:09:40.8552|INFO|Verrollungsnachweis.HelperFunc|Kapcsolat sikeresen létrejött az RSTAB alkalmazással.
2025-05-25 23:11:47.3494|INFO|Verrollungsnachweis.Form1|Application started
2025-05-25 23:11:47.5855|INFO|Verrollungsnachweis.HelperFunc|Kapcsolat sikeresen létrejött az RSTAB alkalmazással.
2025-05-25 23:18:25.4749|INFO|Verrollungsnachweis.Form1|Application started
2025-05-25 23:18:25.6968|INFO|Verrollungsnachweis.HelperFunc|Kapcsolat sikeresen létrejött az RSTAB alkalmazással.
2025-05-25 23:25:27.5109|INFO|Verrollungsnachweis.Form1|Application started
2025-05-25 23:25:27.7109|INFO|Verrollungsnachweis.HelperFunc|Kapcsolat sikeresen létrejött az RSTAB alkalmazással.
2025-05-25 23:26:45.7470|INFO|Verrollungsnachweis.Form1|Application started
2025-05-25 23:26:45.9308|INFO|Verrollungsnachweis.HelperFunc|Kapcsolat sikeresen létrejött az RSTAB alkalmazással.
2025-05-25 23:28:21.2050|INFO|Verrollungsnachweis.Form1|Application started
2025-05-25 23:28:21.3997|INFO|Verrollungsnachweis.HelperFunc|Kapcsolat sikeresen létrejött az RSTAB alkalmazással.
2025-05-25 23:39:20.7000|INFO|Verrollungsnachweis.Form1|Application started
2025-05-25 23:39:20.9154|INFO|Verrollungsnachweis.HelperFunc|Kapcsolat sikeresen létrejött az RSTAB alkalmazással.
2025-05-26 00:18:16.1218|INFO|Verrollungsnachweis.Form1|Application started
2025-05-26 00:18:16.3492|INFO|Verrollungsnachweis.HelperFunc|Kapcsolat sikeresen létrejött az RSTAB alkalmazással.
2025-05-26 00:20:10.4428|INFO|Verrollungsnachweis.Form1|Application started
2025-05-26 00:20:10.6505|INFO|Verrollungsnachweis.HelperFunc|Kapcsolat sikeresen létrejött az RSTAB alkalmazással.
2025-05-26 00:21:17.2424|INFO|Verrollungsnachweis.Form1|Application started
2025-05-26 00:21:17.4474|INFO|Verrollungsnachweis.HelperFunc|Kapcsolat sikeresen létrejött az RSTAB alkalmazással.
2025-05-26 00:26:55.9794|INFO|Verrollungsnachweis.Form1|Application started
2025-05-26 00:26:56.1772|INFO|Verrollungsnachweis.HelperFunc|Kapcsolat sikeresen létrejött az RSTAB alkalmazással.
2025-05-26 00:32:03.2057|INFO|Verrollungsnachweis.Form1|Application started
2025-05-26 00:32:03.4046|INFO|Verrollungsnachweis.HelperFunc|Kapcsolat sikeresen létrejött az RSTAB alkalmazással.
2025-05-26 00:33:39.8293|INFO|Verrollungsnachweis.Form1|Application started
2025-05-26 00:33:40.1461|INFO|Verrollungsnachweis.HelperFunc|Kapcsolat sikeresen létrejött az RSTAB alkalmazással.
2025-05-26 00:46:39.7696|INFO|Verrollungsnachweis.Form1|Application started
2025-05-26 00:46:39.9675|INFO|Verrollungsnachweis.HelperFunc|Kapcsolat sikeresen létrejött az RSTAB alkalmazással.
2025-05-26 01:16:45.4572|INFO|Verrollungsnachweis.Form1|Application started
2025-05-26 01:16:45.6926|INFO|Verrollungsnachweis.HelperFunc|Kapcsolat sikeresen létrejött az RSTAB alkalmazással.
2025-05-26 01:32:20.5506|INFO|Verrollungsnachweis.Form1|Application started
2025-05-26 01:32:20.8016|INFO|Verrollungsnachweis.HelperFunc|Kapcsolat sikeresen létrejött az RSTAB alkalmazással.
2025-05-26 01:35:16.0954|INFO|Verrollungsnachweis.Form1|Application started
2025-05-26 01:35:16.3008|INFO|Verrollungsnachweis.HelperFunc|Kapcsolat sikeresen létrejött az RSTAB alkalmazással.
2025-05-26 01:38:11.9360|INFO|Verrollungsnachweis.Form1|Application started
2025-05-26 01:38:12.1340|INFO|Verrollungsnachweis.HelperFunc|Kapcsolat sikeresen létrejött az RSTAB alkalmazással.
2025-05-26 01:43:36.4414|INFO|Verrollungsnachweis.Form1|Application started
2025-05-26 01:43:36.6344|INFO|Verrollungsnachweis.HelperFunc|Kapcsolat sikeresen létrejött az RSTAB alkalmazással.
2025-05-26 01:54:06.2497|INFO|Verrollungsnachweis.Form1|Application started
2025-05-26 01:54:06.4737|INFO|Verrollungsnachweis.HelperFunc|Kapcsolat sikeresen létrejött az RSTAB alkalmazással.
2025-05-26 01:59:57.6025|INFO|Verrollungsnachweis.Form1|Application started
2025-05-26 01:59:57.8237|INFO|Verrollungsnachweis.HelperFunc|Kapcsolat sikeresen létrejött az RSTAB alkalmazással.
2025-05-26 02:13:54.8252|INFO|Verrollungsnachweis.Form1|Application started
2025-05-26 02:13:55.0594|INFO|Verrollungsnachweis.HelperFunc|Kapcsolat sikeresen létrejött az RSTAB alkalmazással.
2025-05-26 02:51:34.3474|INFO|Verrollungsnachweis.Form1|Application started
2025-05-26 02:51:34.5887|INFO|Verrollungsnachweis.HelperFunc|Kapcsolat sikeresen létrejött az RSTAB alkalmazással.
2025-05-26 02:54:12.8341|INFO|Verrollungsnachweis.Form1|Application started
2025-05-26 02:54:13.0568|INFO|Verrollungsnachweis.HelperFunc|Kapcsolat sikeresen létrejött az RSTAB alkalmazással.
2025-05-26 03:08:44.2212|INFO|Verrollungsnachweis.Form1|Application started
2025-05-26 03:08:44.5179|INFO|Verrollungsnachweis.HelperFunc|Kapcsolat sikeresen létrejött az RSTAB alkalmazással.
2025-05-26 03:17:59.3526|INFO|Verrollungsnachweis.Form1|Application started
2025-05-26 03:17:59.5521|INFO|Verrollungsnachweis.HelperFunc|Kapcsolat sikeresen létrejött az RSTAB alkalmazással.
2025-05-26 03:20:19.2868|INFO|Verrollungsnachweis.Form1|Application started
2025-05-26 03:20:19.4848|INFO|Verrollungsnachweis.HelperFunc|Kapcsolat sikeresen létrejött az RSTAB alkalmazással.
2025-05-26 03:22:04.0865|INFO|Verrollungsnachweis.Form1|Application started
2025-05-26 03:22:04.2969|INFO|Verrollungsnachweis.HelperFunc|Kapcsolat sikeresen létrejött az RSTAB alkalmazással.
2025-05-26 10:20:08.3987|INFO|Verrollungsnachweis.Form1|Application started
2025-05-26 10:20:08.6307|INFO|Verrollungsnachweis.HelperFunc|Kapcsolat sikeresen létrejött az RSTAB alkalmazással.
2025-05-26 10:40:09.7394|INFO|Verrollungsnachweis.Form1|Application started
2025-05-26 10:40:10.0968|INFO|Verrollungsnachweis.HelperFunc|Kapcsolat sikeresen létrejött az RSTAB alkalmazással.
2025-05-26 11:00:21.4586|INFO|Verrollungsnachweis.Form1|Application started
2025-05-26 11:00:21.6356|INFO|Verrollungsnachweis.HelperFunc|Kapcsolat sikeresen létrejött az RSTAB alkalmazással.
2025-05-26 11:15:37.4658|INFO|Verrollungsnachweis.Form1|Process completed successfully
2025-05-26 20:53:24.3521|INFO|Verrollungsnachweis.Form1|Application started
2025-05-26 20:53:24.6848|INFO|Verrollungsnachweis.HelperFunc|Kapcsolat sikeresen létrejött az RSTAB alkalmazással.
2025-05-26 20:53:31.1555|ERROR|Verrollungsnachweis.HelperFunc|A kapcsolat megszakadt az Rstab alkalmazással.
2025-05-26 20:54:43.7145|INFO|Verrollungsnachweis.Form1|Application started
2025-05-26 20:55:58.4789|INFO|Verrollungsnachweis.HelperFunc|Kapcsolat sikeresen létrejött az RSTAB alkalmazással.
2025-05-26 21:01:54.7069|INFO|Verrollungsnachweis.Form1|Form Closing
2025-05-26 21:02:59.7668|INFO|Verrollungsnachweis.Form1|Application started
2025-05-26 21:02:59.9988|INFO|Verrollungsnachweis.HelperFunc|Kapcsolat sikeresen létrejött az RSTAB alkalmazással.
2025-05-26 21:04:35.5751|ERROR|Verrollungsnachweis.HelperFunc|A kapcsolat megszakadt az Rstab alkalmazással.
2025-05-26 21:05:03.4697|INFO|Verrollungsnachweis.Form1|Application started
2025-05-26 21:05:03.7662|INFO|Verrollungsnachweis.HelperFunc|Kapcsolat sikeresen létrejött az RSTAB alkalmazással.
2025-05-26 21:07:02.0968|ERROR|Verrollungsnachweis.HelperFunc|A kapcsolat megszakadt az Rstab alkalmazással.
2025-05-26 21:10:38.9692|INFO|Verrollungsnachweis.Form1|Application started
2025-05-26 21:10:39.2337|INFO|Verrollungsnachweis.HelperFunc|Kapcsolat sikeresen létrejött az RSTAB alkalmazással.
2025-05-26 22:31:05.8541|INFO|Verrollungsnachweis.Form1|Application started
2025-05-26 22:31:06.0820|INFO|Verrollungsnachweis.HelperFunc|Kapcsolat sikeresen létrejött az RSTAB alkalmazással.
2025-05-26 23:11:25.6606|INFO|Verrollungsnachweis.Form1|Application started
2025-05-26 23:11:25.9091|INFO|Verrollungsnachweis.HelperFunc|Kapcsolat sikeresen létrejött az RSTAB alkalmazással.
2025-05-27 22:15:07.6071|INFO|Verrollungsnachweis.Form1|Application started
2025-05-27 22:15:08.0081|INFO|Verrollungsnachweis.ConnectionManager|Kapcsolat sikeresen létrejött az RSTAB alkalmazással.
2025-05-27 22:15:08.1231|INFO|Verrollungsnachweis.ConnectionManager|Kapcsolat sikeresen létrejött az RSTAB alkalmazással.
2025-05-27 23:34:10.4947|INFO|Verrollungsnachweis.Form1|Application started
2025-05-27 23:34:10.7270|INFO|Verrollungsnachweis.ConnectionManager|Kapcsolat sikeresen létrejött az RSTAB alkalmazással.
2025-05-27 23:34:10.8438|INFO|Verrollungsnachweis.ConnectionManager|Kapcsolat sikeresen létrejött az RSTAB alkalmazással.
2025-05-27 23:34:16.3425|INFO|Verrollungsnachweis.Form1|Form Closing
2025-05-27 23:34:43.9239|INFO|Verrollungsnachweis.Form1|Application started
2025-05-27 23:34:44.0375|ERROR|Verrollungsnachweis.ConnectionManager|Kapcsolat sikertelen.
2025-05-27 23:35:28.7671|INFO|Verrollungsnachweis.Form1|Application started
2025-05-27 23:35:28.8828|ERROR|Verrollungsnachweis.ConnectionManager|Kapcsolat sikertelen.
2025-05-27 23:35:55.6775|INFO|Verrollungsnachweis.Form1|Application started
2025-05-27 23:35:55.7871|ERROR|Verrollungsnachweis.ConnectionManager|Kapcsolat sikertelen.
2025-05-27 23:36:37.5418|INFO|Verrollungsnachweis.Form1|Application started
2025-05-27 23:36:37.6578|ERROR|Verrollungsnachweis.ConnectionManager|Kapcsolat sikertelen.
2025-05-27 23:38:40.7524|INFO|Verrollungsnachweis.Form1|Application started
2025-05-27 23:39:46.9132|ERROR|Verrollungsnachweis.ConnectionManager|Kapcsolat sikertelen.
2025-05-27 23:41:58.6294|INFO|Verrollungsnachweis.Form1|Application started
2025-05-27 23:44:40.0877|ERROR|Verrollungsnachweis.ConnectionManager|Kapcsolat sikertelen.
2025-05-27 23:46:23.2970|INFO|Verrollungsnachweis.Form1|Application started
2025-05-27 23:46:45.8759|ERROR|Verrollungsnachweis.HelperFunc|Kapcsolódási hiba a HelperFunc.GetConnect() metódusban.
2025-05-27 23:49:05.7719|INFO|Verrollungsnachweis.Form1|Application started
2025-05-27 23:49:18.5846|ERROR|Verrollungsnachweis.HelperFunc|Kapcsolódási hiba a HelperFunc.GetConnect() metódusban.
2025-05-27 23:52:18.9830|INFO|Verrollungsnachweis.Form1|Application started
2025-05-27 23:52:29.4497|ERROR|Verrollungsnachweis.HelperFunc|Kapcsolódási hiba a HelperFunc.GetConnect() metódusban.
2025-05-27 23:54:26.1772|INFO|Verrollungsnachweis.Form1|Application started
2025-05-27 23:55:45.5461|ERROR|Verrollungsnachweis.HelperFunc|Kapcsolódási hiba a HelperFunc.GetConnect() metódusban.
2025-05-27 23:56:51.5947|INFO|Verrollungsnachweis.Form1|Application started
2025-05-27 23:57:39.3163|ERROR|Verrollungsnachweis.HelperFunc|Kapcsolódási hiba a HelperFunc.GetConnect() metódusban.
2025-05-28 20:08:04.2868|INFO|Verrollungsnachweis.Form1|Application started
2025-05-28 20:11:23.9948|ERROR|Verrollungsnachweis.HelperFunc|Kapcsolódási hiba a HelperFunc.GetConnect() metódusban.
2025-05-28 20:30:11.8942|INFO|Verrollungsnachweis.Form1|Application started
2025-05-28 20:33:56.7814|ERROR|Verrollungsnachweis.HelperFunc|Kapcsolódási hiba a HelperFunc.GetConnect() metódusban.
2025-05-28 20:44:37.3545|INFO|Verrollungsnachweis.Form1|Application started
2025-05-28 20:45:02.6419|ERROR|Verrollungsnachweis.HelperFunc|Nincs aktív RSTAB alkalmazás. Kérem indítsa el az RSTAB alkalmazást és próbálja újra.
2025-05-28 20:47:42.8405|INFO|Verrollungsnachweis.Form1|Application started
2025-05-28 20:48:02.7989|ERROR|Verrollungsnachweis.HelperFunc|Keine aktive RSTAB gefunden. Bitte starten Sie die RSTAB und versuchen Sie es erneut.
2025-05-28 20:49:32.4061|INFO|Verrollungsnachweis.Form1|Application started
2025-05-28 20:49:48.6321|ERROR|Verrollungsnachweis.HelperFunc|Ein unbekannter Fehler ist aufgetreten: Model was not found
2025-05-28 20:56:36.8196|INFO|Verrollungsnachweis.Form1|Application started
2025-05-28 20:58:54.2347|ERROR|Verrollungsnachweis.HelperFunc|Ein unbekannter Fehler ist aufgetreten:   Model was not found
2025-05-28 21:08:58.6069|INFO|Verrollungsnachweis.Form1|Application started
2025-05-28 21:09:23.2812|ERROR|Verrollungsnachweis.HelperFunc|Keine aktive RSTAB gefunden. Bitte starten Sie die RSTAB und versuchen Sie es erneut.
2025-05-28 21:16:30.6788|INFO|Verrollungsnachweis.Form1|Application started
2025-05-28 21:16:33.4264|ERROR|Verrollungsnachweis.HelperFunc|Keine aktive RSTAB gefunden. Bitte starten Sie die RSTAB und versuchen Sie es erneut.:  NoApplication     bei System.Runtime.InteropServices.Marshal.GetActiveObject(Guid& rclsid, IntPtr reserved, Object& ppunk)
   bei System.Runtime.InteropServices.Marshal.GetActiveObject(String progID)
   bei Verrollungsnachweis.ConnectionManager.GetConnect() in G:\Andere Computer\DD_PC\repos\Verrollungsnachweis_02\ConnectionManager.cs:Zeile 44.
2025-05-28 21:18:23.6702|INFO|Verrollungsnachweis.Form1|Application started
2025-05-28 21:19:15.1952|ERROR|Verrollungsnachweis.HelperFunc|Ein unbekannter Fehler ist aufgetreten:   Model was not found:  UnknownError     bei Dlubal.RSTAB8.IApplication.GetActiveModel()
   bei Verrollungsnachweis.ConnectionManager.<GetConnect>b__3_0() in G:\Andere Computer\DD_PC\repos\Verrollungsnachweis_02\ConnectionManager.cs:Zeile 48.
   bei Verrollungsnachweis.ConnectionManager.LockAndUnlockLicense(Action action) in G:\Andere Computer\DD_PC\repos\Verrollungsnachweis_02\ConnectionManager.cs:Zeile 119.
   bei Verrollungsnachweis.ConnectionManager.GetConnect() in G:\Andere Computer\DD_PC\repos\Verrollungsnachweis_02\ConnectionManager.cs:Zeile 46.
2025-05-28 21:36:22.4175|INFO|Verrollungsnachweis.Form1|Application started
2025-05-28 21:36:22.6638|INFO|Verrollungsnachweis.ConnectionManager|Kapcsolat sikeresen létrejött az RSTAB alkalmazással.
2025-05-28 21:36:22.7801|INFO|Verrollungsnachweis.ConnectionManager|Kapcsolat sikeresen létrejött az RSTAB alkalmazással.
2025-05-28 21:40:57.4700|ERROR|Verrollungsnachweis.HelperFunc|Ein unbekannter Fehler ist aufgetreten:   Die verwendete Model ist entweder nicht vorne oder wurde geschlossen.:  UnknownError     bei Verrollungsnachweis.ConnectionManager.IsConnected() in G:\Andere Computer\DD_PC\repos\Verrollungsnachweis_02\ConnectionManager.cs:Zeile 96.
2025-05-28 21:51:48.8465|INFO|Verrollungsnachweis.Form1|Application started
2025-05-28 21:51:49.0929|INFO|Verrollungsnachweis.ConnectionManager|Kapcsolat sikeresen létrejött az RSTAB alkalmazással.
2025-05-28 21:51:49.2276|INFO|Verrollungsnachweis.ConnectionManager|Kapcsolat sikeresen létrejött az RSTAB alkalmazással.
2025-05-28 21:52:08.7244|ERROR|Verrollungsnachweis.HelperFunc|Ein unbekannter Fehler ist aufgetreten:   Die verwendete Model ist entweder nicht vorne oder wurde geschlossen.:  UnknownError     bei Verrollungsnachweis.ConnectionManager.IsConnected() in G:\Andere Computer\DD_PC\repos\Verrollungsnachweis_02\ConnectionManager.cs:Zeile 97.
2025-05-28 22:28:45.4069|INFO|Verrollungsnachweis.Form1|Application started
2025-05-28 22:28:45.6472|INFO|Verrollungsnachweis.ConnectionManager|Kapcsolat sikeresen létrejött az RSTAB alkalmazással.
2025-05-28 22:28:45.7821|INFO|Verrollungsnachweis.ConnectionManager|Kapcsolat sikeresen létrejött az RSTAB alkalmazással.
2025-05-28 22:32:35.7116|ERROR|Verrollungsnachweis.HelperFunc|Ein unbekannter Fehler ist aufgetreten:   Die verwendete Model ist entweder nicht vorne oder wurde geschlossen.:  UnknownError     bei Verrollungsnachweis.ConnectionManager.IsConnected() in G:\Andere Computer\DD_PC\repos\Verrollungsnachweis_02\ConnectionManager.cs:Zeile 99.
2025-05-28 22:35:15.6908|INFO|Verrollungsnachweis.Form1|Application started
2025-05-28 22:35:15.9240|INFO|Verrollungsnachweis.ConnectionManager|Kapcsolat sikeresen létrejött az RSTAB alkalmazással.
2025-05-28 22:35:16.0429|INFO|Verrollungsnachweis.ConnectionManager|Kapcsolat sikeresen létrejött az RSTAB alkalmazással.
2025-05-28 22:35:54.3568|ERROR|Verrollungsnachweis.HelperFunc|G_Q_Lasten() 
2025-05-28 22:39:12.2804|INFO|Verrollungsnachweis.Form1|Application started
2025-05-28 22:39:12.5205|INFO|Verrollungsnachweis.ConnectionManager|Kapcsolat sikeresen létrejött az RSTAB alkalmazással.
2025-05-28 22:39:12.6123|INFO|Verrollungsnachweis.ConnectionManager|Kapcsolat sikeresen létrejött az RSTAB alkalmazással.
2025-05-28 22:39:51.2075|INFO|Verrollungsnachweis.Form1|Application started
2025-05-28 22:39:51.4485|INFO|Verrollungsnachweis.ConnectionManager|Kapcsolat sikeresen létrejött az RSTAB alkalmazással.
2025-05-28 22:39:51.5892|INFO|Verrollungsnachweis.ConnectionManager|Kapcsolat sikeresen létrejött az RSTAB alkalmazással.
2025-05-28 22:48:49.7012|INFO|Verrollungsnachweis.Form1|Application started
2025-05-28 22:48:50.0353|INFO|Verrollungsnachweis.ConnectionManager|Kapcsolat sikeresen létrejött az RSTAB alkalmazással.
2025-05-28 22:48:50.1511|INFO|Verrollungsnachweis.ConnectionManager|Kapcsolat sikeresen létrejött az RSTAB alkalmazással.
2025-05-28 22:49:40.6173|ERROR|Verrollungsnachweis.HelperFunc|G_Q_Lasten() 
2025-05-28 23:21:16.1719|INFO|Verrollungsnachweis.Form1|Application started
2025-05-28 23:21:23.2487|ERROR|Verrollungsnachweis.HelperFunc|Keine aktive RSTAB gefunden. Bitte starten Sie die RSTAB und versuchen Sie es erneut.:  NoApplication     bei System.Runtime.InteropServices.Marshal.GetActiveObject(Guid& rclsid, IntPtr reserved, Object& ppunk)
   bei System.Runtime.InteropServices.Marshal.GetActiveObject(String progID)
   bei Verrollungsnachweis.ConnectionManager.GetConnect() in G:\Andere Computer\DD_PC\repos\Verrollungsnachweis_02\ConnectionManager.cs:Zeile 47.
2025-05-28 23:21:58.0619|INFO|Verrollungsnachweis.Form1|Application started
2025-05-28 23:22:06.4552|ERROR|Verrollungsnachweis.HelperFunc|Ein unbekannter Fehler ist aufgetreten:   Model was not found:  UnknownError     bei Dlubal.RSTAB8.IApplication.GetActiveModel()
   bei Verrollungsnachweis.ConnectionManager.<GetConnect>b__3_0() in G:\Andere Computer\DD_PC\repos\Verrollungsnachweis_02\ConnectionManager.cs:Zeile 51.
   bei Verrollungsnachweis.ConnectionManager.LockAndUnlockLicense(Action action) in G:\Andere Computer\DD_PC\repos\Verrollungsnachweis_02\ConnectionManager.cs:Zeile 125.
   bei Verrollungsnachweis.ConnectionManager.GetConnect() in G:\Andere Computer\DD_PC\repos\Verrollungsnachweis_02\ConnectionManager.cs:Zeile 49.
2025-05-28 23:22:35.9515|INFO|Verrollungsnachweis.Form1|Application started
2025-05-28 23:22:36.2022|INFO|Verrollungsnachweis.ConnectionManager|Kapcsolat sikeresen létrejött az RSTAB alkalmazással.
2025-05-28 23:22:36.3373|INFO|Verrollungsnachweis.ConnectionManager|Kapcsolat sikeresen létrejött az RSTAB alkalmazással.
2025-05-28 23:23:49.0950|ERROR|Verrollungsnachweis.HelperFunc|Ein unbekannter Fehler ist aufgetreten:   Kein aktives Modell gefunden. Bitte öffnen Sie ein Modell in der RSTAB.:  UnknownError     bei Verrollungsnachweis.ConnectionManager.<IsConnected>b__4_0() in G:\Andere Computer\DD_PC\repos\Verrollungsnachweis_02\ConnectionManager.cs:Zeile 82.
   bei Verrollungsnachweis.ConnectionManager.LockAndUnlockLicense(Action action) in G:\Andere Computer\DD_PC\repos\Verrollungsnachweis_02\ConnectionManager.cs:Zeile 125.
   bei Verrollungsnachweis.ConnectionManager.IsConnected() in G:\Andere Computer\DD_PC\repos\Verrollungsnachweis_02\ConnectionManager.cs:Zeile 78.
2025-05-28 23:24:36.5625|INFO|Verrollungsnachweis.Form1|Application started
2025-05-28 23:24:36.8237|INFO|Verrollungsnachweis.ConnectionManager|Kapcsolat sikeresen létrejött az RSTAB alkalmazással.
2025-05-28 23:24:36.9740|INFO|Verrollungsnachweis.ConnectionManager|Kapcsolat sikeresen létrejött az RSTAB alkalmazással.
2025-05-28 23:24:51.7143|ERROR|Verrollungsnachweis.HelperFunc|Keine aktive RSTAB gefunden. Bitte starten Sie die RSTAB und versuchen Sie es erneut.:  NoApplication     bei System.Runtime.InteropServices.Marshal.GetActiveObject(Guid& rclsid, IntPtr reserved, Object& ppunk)
   bei System.Runtime.InteropServices.Marshal.GetActiveObject(String progID)
   bei Verrollungsnachweis.ConnectionManager.IsConnected() in G:\Andere Computer\DD_PC\repos\Verrollungsnachweis_02\ConnectionManager.cs:Zeile 76.
2025-05-28 23:25:58.9061|INFO|Verrollungsnachweis.Form1|Application started
2025-05-28 23:25:59.1618|INFO|Verrollungsnachweis.ConnectionManager|Kapcsolat sikeresen létrejött az RSTAB alkalmazással.
2025-05-28 23:25:59.2566|INFO|Verrollungsnachweis.ConnectionManager|Kapcsolat sikeresen létrejött az RSTAB alkalmazással.
2025-05-28 23:33:53.9710|INFO|Verrollungsnachweis.Form1|Application started
2025-05-28 23:33:54.2048|INFO|Verrollungsnachweis.ConnectionManager|Kapcsolat sikeresen létrejött az RSTAB alkalmazással.
2025-05-28 23:33:54.3371|INFO|Verrollungsnachweis.ConnectionManager|Kapcsolat sikeresen létrejött az RSTAB alkalmazással.
2025-05-28 23:34:48.0681|ERROR|Verrollungsnachweis.HelperFunc|Ein unbekannter Fehler ist aufgetreten:   Die verwendete Model ist entweder nicht vorne oder wurde geschlossen.:  UnknownError     bei Verrollungsnachweis.ConnectionManager.IsConnected() in G:\Andere Computer\DD_PC\repos\Verrollungsnachweis_02\ConnectionManager.cs:Zeile 99.
2025-05-28 23:35:58.0429|INFO|Verrollungsnachweis.Form1|Application started
2025-05-28 23:35:58.4394|INFO|Verrollungsnachweis.ConnectionManager|Kapcsolat sikeresen létrejött az RSTAB alkalmazással.
2025-05-28 23:35:58.6219|INFO|Verrollungsnachweis.ConnectionManager|Kapcsolat sikeresen létrejött az RSTAB alkalmazással.
2025-05-28 23:43:40.6674|INFO|Verrollungsnachweis.Form1|Application started
2025-05-28 23:43:40.9285|INFO|Verrollungsnachweis.ConnectionManager|Kapcsolat sikeresen létrejött az RSTAB alkalmazással.
2025-05-28 23:43:41.0527|INFO|Verrollungsnachweis.ConnectionManager|Kapcsolat sikeresen létrejött az RSTAB alkalmazással.
2025-05-28 23:44:06.4469|INFO|Verrollungsnachweis.Form1|Form Closing
2025-05-28 23:44:45.7310|INFO|Verrollungsnachweis.Form1|Application started
2025-05-28 23:44:46.0122|INFO|Verrollungsnachweis.ConnectionManager|Kapcsolat sikeresen létrejött az RSTAB alkalmazással.
2025-05-28 23:44:46.1453|INFO|Verrollungsnachweis.ConnectionManager|Kapcsolat sikeresen létrejött az RSTAB alkalmazással.
2025-05-29 00:27:20.2146|INFO|Verrollungsnachweis.Form1|Application started
2025-05-29 00:27:37.2475|ERROR|Verrollungsnachweis.HelperFunc|Keine aktive RSTAB gefunden. Bitte starten Sie die RSTAB und versuchen Sie es erneut.:  NoApplication     bei System.Runtime.InteropServices.Marshal.GetActiveObject(Guid& rclsid, IntPtr reserved, Object& ppunk)
   bei System.Runtime.InteropServices.Marshal.GetActiveObject(String progID)
   bei Verrollungsnachweis.ConnectionManager.GetConnect() in G:\Andere Computer\DD_PC\repos\Verrollungsnachweis_02\ConnectionManager.cs:Zeile 47.
2025-05-29 00:31:27.6550|INFO|Verrollungsnachweis.Form1|Application started
2025-05-29 00:31:27.9059|INFO|Verrollungsnachweis.ConnectionManager|Kapcsolat sikeresen létrejött az RSTAB alkalmazással.
2025-05-29 00:31:28.0219|INFO|Verrollungsnachweis.ConnectionManager|Kapcsolat sikeresen létrejött az RSTAB alkalmazással.
2025-05-29 00:32:32.4491|INFO|Verrollungsnachweis.Form1|Application started
2025-05-29 00:32:32.7050|INFO|Verrollungsnachweis.ConnectionManager|Kapcsolat sikeresen létrejött az RSTAB alkalmazással.
2025-05-29 00:32:32.8349|INFO|Verrollungsnachweis.ConnectionManager|Kapcsolat sikeresen létrejött az RSTAB alkalmazással.
2025-05-29 00:36:59.6191|INFO|Verrollungsnachweis.Form1|Application started
2025-05-29 00:36:59.8847|INFO|Verrollungsnachweis.ConnectionManager|Kapcsolat sikeresen létrejött az RSTAB alkalmazással.
2025-05-29 00:37:00.0335|INFO|Verrollungsnachweis.ConnectionManager|Kapcsolat sikeresen létrejött az RSTAB alkalmazással.
2025-05-29 18:42:47.0648|INFO|Verrollungsnachweis.Form1|Application started
2025-05-29 18:43:02.5955|ERROR|Verrollungsnachweis.HelperFunc|Keine aktive RSTAB gefunden. Bitte starten Sie die RSTAB und versuchen Sie es erneut.:  NoApplication     bei System.Runtime.InteropServices.Marshal.GetActiveObject(Guid& rclsid, IntPtr reserved, Object& ppunk)
   bei System.Runtime.InteropServices.Marshal.GetActiveObject(String progID)
   bei Verrollungsnachweis.ConnectionManager.GetConnect() in G:\Andere Computer\DD_PC\repos\Verrollungsnachweis_02\ConnectionManager.cs:Zeile 47.
2025-05-29 18:50:31.5727|INFO|Verrollungsnachweis.Form1|Application started
2025-05-29 18:50:31.8724|INFO|Verrollungsnachweis.ConnectionManager|Kapcsolat sikeresen létrejött az RSTAB alkalmazással.
2025-05-29 18:50:31.9701|INFO|Verrollungsnachweis.ConnectionManager|Kapcsolat sikeresen létrejött az RSTAB alkalmazással.
2025-05-29 21:42:02.4083|INFO|Verrollungsnachweis.Form1|Application started
2025-05-29 21:42:02.7687|INFO|Verrollungsnachweis.ConnectionManager|Kapcsolat sikeresen létrejött az RSTAB alkalmazással.
2025-05-29 21:42:02.9077|INFO|Verrollungsnachweis.ConnectionManager|Kapcsolat sikeresen létrejött az RSTAB alkalmazással.
2025-05-29 21:43:00.3411|INFO|Verrollungsnachweis.Form1|Application started
2025-05-29 21:43:01.0174|INFO|Verrollungsnachweis.ConnectionManager|Kapcsolat sikeresen létrejött az RSTAB alkalmazással.
2025-05-29 21:43:01.1514|INFO|Verrollungsnachweis.ConnectionManager|Kapcsolat sikeresen létrejött az RSTAB alkalmazással.
2025-05-29 21:44:33.6873|INFO|Verrollungsnachweis.Form1|Application started
2025-05-29 21:44:33.9571|INFO|Verrollungsnachweis.ConnectionManager|Kapcsolat sikeresen létrejött az RSTAB alkalmazással.
2025-05-29 21:44:34.0951|INFO|Verrollungsnachweis.ConnectionManager|Kapcsolat sikeresen létrejött az RSTAB alkalmazással.
2025-05-29 21:46:47.7661|INFO|Verrollungsnachweis.Form1|Application started
2025-05-29 21:46:48.0119|INFO|Verrollungsnachweis.ConnectionManager|Kapcsolat sikeresen létrejött az RSTAB alkalmazással.
2025-05-29 21:46:48.1355|INFO|Verrollungsnachweis.ConnectionManager|Kapcsolat sikeresen létrejött az RSTAB alkalmazással.
2025-05-29 21:50:10.6872|INFO|Verrollungsnachweis.Form1|Application started
2025-05-29 21:50:11.0704|INFO|Verrollungsnachweis.ConnectionManager|Kapcsolat sikeresen létrejött az RSTAB alkalmazással.
2025-05-29 21:50:11.1871|INFO|Verrollungsnachweis.ConnectionManager|Kapcsolat sikeresen létrejött az RSTAB alkalmazással.
2025-05-29 21:51:27.8688|INFO|Verrollungsnachweis.Form1|Application started
2025-05-29 21:51:28.1285|INFO|Verrollungsnachweis.ConnectionManager|Kapcsolat sikeresen létrejött az RSTAB alkalmazással.
2025-05-29 21:51:28.2738|INFO|Verrollungsnachweis.ConnectionManager|Kapcsolat sikeresen létrejött az RSTAB alkalmazással.
2025-05-29 21:53:02.0803|INFO|Verrollungsnachweis.Form1|Application started
2025-05-29 21:53:02.4108|INFO|Verrollungsnachweis.ConnectionManager|Kapcsolat sikeresen létrejött az RSTAB alkalmazással.
2025-05-29 21:53:02.5464|INFO|Verrollungsnachweis.ConnectionManager|Kapcsolat sikeresen létrejött az RSTAB alkalmazással.
2025-05-29 21:56:54.9099|INFO|Verrollungsnachweis.Form1|Application started
2025-05-29 21:56:55.1972|INFO|Verrollungsnachweis.ConnectionManager|Kapcsolat sikeresen létrejött az RSTAB alkalmazással.
2025-05-29 21:56:55.3222|INFO|Verrollungsnachweis.ConnectionManager|Kapcsolat sikeresen létrejött az RSTAB alkalmazással.
2025-05-29 22:02:00.7088|INFO|Verrollungsnachweis.Form1|Application started
2025-05-29 22:02:00.9780|INFO|Verrollungsnachweis.ConnectionManager|Kapcsolat sikeresen létrejött az RSTAB alkalmazással.
2025-05-29 22:02:01.1110|INFO|Verrollungsnachweis.ConnectionManager|Kapcsolat sikeresen létrejött az RSTAB alkalmazással.
2025-05-29 22:07:13.8390|INFO|Verrollungsnachweis.Form1|Application started
2025-05-29 22:07:14.1145|INFO|Verrollungsnachweis.ConnectionManager|Kapcsolat sikeresen létrejött az RSTAB alkalmazással.
2025-05-29 22:07:14.2762|INFO|Verrollungsnachweis.ConnectionManager|Kapcsolat sikeresen létrejött az RSTAB alkalmazással.
2025-05-29 22:54:23.0664|INFO|Verrollungsnachweis.Form1|Application started
2025-05-29 22:54:23.3892|INFO|Verrollungsnachweis.ConnectionManager|Kapcsolat sikeresen létrejött az RSTAB alkalmazással.
2025-05-29 22:54:23.5383|INFO|Verrollungsnachweis.ConnectionManager|Kapcsolat sikeresen létrejött az RSTAB alkalmazással.
2025-05-29 22:55:46.8656|INFO|Verrollungsnachweis.Form1|Application started
2025-05-29 22:55:47.0972|INFO|Verrollungsnachweis.ConnectionManager|Kapcsolat sikeresen létrejött az RSTAB alkalmazással.
2025-05-29 22:55:47.2143|INFO|Verrollungsnachweis.ConnectionManager|Kapcsolat sikeresen létrejött az RSTAB alkalmazással.
2025-05-29 23:34:54.7097|INFO|Verrollungsnachweis.Form1|Application started
2025-05-29 23:34:54.9647|INFO|Verrollungsnachweis.ConnectionManager|Kapcsolat sikeresen létrejött az RSTAB alkalmazással.
2025-05-29 23:34:55.0847|INFO|Verrollungsnachweis.ConnectionManager|Kapcsolat sikeresen létrejött az RSTAB alkalmazással.
2025-05-29 23:35:18.9077|INFO|Verrollungsnachweis.Form1|Application started
2025-05-29 23:35:19.1422|INFO|Verrollungsnachweis.ConnectionManager|Kapcsolat sikeresen létrejött az RSTAB alkalmazással.
2025-05-29 23:35:19.2662|INFO|Verrollungsnachweis.ConnectionManager|Kapcsolat sikeresen létrejött az RSTAB alkalmazással.
2025-05-29 23:38:24.0015|INFO|Verrollungsnachweis.Form1|Application started
2025-05-29 23:38:24.2562|INFO|Verrollungsnachweis.ConnectionManager|Kapcsolat sikeresen létrejött az RSTAB alkalmazással.
2025-05-29 23:38:24.3862|INFO|Verrollungsnachweis.ConnectionManager|Kapcsolat sikeresen létrejött az RSTAB alkalmazással.
2025-05-29 23:43:32.9243|INFO|Verrollungsnachweis.Form1|Application started
2025-05-29 23:43:33.2443|INFO|Verrollungsnachweis.ConnectionManager|Kapcsolat sikeresen létrejött az RSTAB alkalmazással.
2025-05-29 23:43:33.3917|INFO|Verrollungsnachweis.ConnectionManager|Kapcsolat sikeresen létrejött az RSTAB alkalmazással.
2025-05-30 21:17:50.9627|INFO|Verrollungsnachweis.Form1|Application started
2025-05-30 21:17:51.2680|INFO|Verrollungsnachweis.ConnectionManager|Kapcsolat sikeresen létrejött az RSTAB alkalmazással.
2025-05-30 21:17:51.3967|INFO|Verrollungsnachweis.ConnectionManager|Kapcsolat sikeresen létrejött az RSTAB alkalmazással.
